[2020-11-19 01:31:07] local.ERROR: Argument 1 passed to App\Jobs\ReadHotspot\HotspotModis::failed() must be an instance of App\Jobs\ReadHotspot\Exception, instance of GuzzleHttp\Exception\ConnectException given, called in /var/www/html/sipongi-dev/vendor/laravel/framework/src/Illuminate/Queue/CallQueuedHandler.php on line 174 {"exception":"[object] (Symfony\\Component\\Debug\\Exception\\FatalThrowableError(code: 0): Argument 1 passed to App\\Jobs\\ReadHotspot\\HotspotModis::failed() must be an instance of App\\Jobs\\ReadHotspot\\Exception, instance of GuzzleHttp\\Exception\\ConnectException given, called in /var/www/html/sipongi-dev/vendor/laravel/framework/src/Illuminate/Queue/CallQueuedHandler.php on line 174 at /var/www/html/sipongi-dev/app/Jobs/ReadHotspot/HotspotModis.php:94)
[stacktrace]
#0 /var/www/html/sipongi-dev/vendor/laravel/framework/src/Illuminate/Queue/CallQueuedHandler.php(174): App\\Jobs\\ReadHotspot\\HotspotModis->failed()
#1 /var/www/html/sipongi-dev/vendor/laravel/framework/src/Illuminate/Queue/Jobs/Job.php(203): Illuminate\\Queue\\CallQueuedHandler->failed()
#2 /var/www/html/sipongi-dev/vendor/laravel/framework/src/Illuminate/Queue/Jobs/Job.php(182): Illuminate\\Queue\\Jobs\\Job->failed()
#3 /var/www/html/sipongi-dev/vendor/laravel/framework/src/Illuminate/Queue/Worker.php(482): Illuminate\\Queue\\Jobs\\Job->fail()
#4 /var/www/html/sipongi-dev/vendor/laravel/framework/src/Illuminate/Queue/Worker.php(469): Illuminate\\Queue\\Worker->failJob()
#5 /var/www/html/sipongi-dev/vendor/laravel/framework/src/Illuminate/Queue/Worker.php(399): Illuminate\\Queue\\Worker->markJobAsFailedIfWillExceedMaxAttempts()
#6 /var/www/html/sipongi-dev/vendor/laravel/framework/src/Illuminate/Queue/Worker.php(372): Illuminate\\Queue\\Worker->handleJobException()
#7 /var/www/html/sipongi-dev/vendor/laravel/framework/src/Illuminate/Queue/Worker.php(314): Illuminate\\Queue\\Worker->process()
#8 /var/www/html/sipongi-dev/vendor/laravel/framework/src/Illuminate/Queue/Worker.php(134): Illuminate\\Queue\\Worker->runJob()
#9 /var/www/html/sipongi-dev/vendor/laravel/framework/src/Illuminate/Queue/Console/WorkCommand.php(112): Illuminate\\Queue\\Worker->daemon()
#10 /var/www/html/sipongi-dev/vendor/laravel/framework/src/Illuminate/Queue/Console/WorkCommand.php(96): Illuminate\\Queue\\Console\\WorkCommand->runWorker()
#11 /var/www/html/sipongi-dev/vendor/laravel/horizon/src/Console/WorkCommand.php(46): Illuminate\\Queue\\Console\\WorkCommand->handle()
#12 [internal function]: Laravel\\Horizon\\Console\\WorkCommand->handle()
#13 /var/www/html/sipongi-dev/vendor/laravel/framework/src/Illuminate/Container/BoundMethod.php(32): call_user_func_array()
#14 /var/www/html/sipongi-dev/vendor/laravel/framework/src/Illuminate/Container/Util.php(37): Illuminate\\Container\\BoundMethod::Illuminate\\Container\\{closure}()
#15 /var/www/html/sipongi-dev/vendor/laravel/framework/src/Illuminate/Container/BoundMethod.php(90): Illuminate\\Container\\Util::unwrapIfClosure()
#16 /var/www/html/sipongi-dev/vendor/laravel/framework/src/Illuminate/Container/BoundMethod.php(34): Illuminate\\Container\\BoundMethod::callBoundMethod()
#17 /var/www/html/sipongi-dev/vendor/laravel/framework/src/Illuminate/Container/Container.php(590): Illuminate\\Container\\BoundMethod::call()
#18 /var/www/html/sipongi-dev/vendor/laravel/framework/src/Illuminate/Console/Command.php(134): Illuminate\\Container\\Container->call()
#19 /var/www/html/sipongi-dev/vendor/symfony/console/Command/Command.php(255): Illuminate\\Console\\Command->execute()
#20 /var/www/html/sipongi-dev/vendor/laravel/framework/src/Illuminate/Console/Command.php(121): Symfony\\Component\\Console\\Command\\Command->run()
#21 /var/www/html/sipongi-dev/vendor/symfony/console/Application.php(1009): Illuminate\\Console\\Command->run()
#22 /var/www/html/sipongi-dev/vendor/symfony/console/Application.php(273): Symfony\\Component\\Console\\Application->doRunCommand()
#23 /var/www/html/sipongi-dev/vendor/symfony/console/Application.php(149): Symfony\\Component\\Console\\Application->doRun()
#24 /var/www/html/sipongi-dev/vendor/laravel/framework/src/Illuminate/Console/Application.php(93): Symfony\\Component\\Console\\Application->run()
#25 /var/www/html/sipongi-dev/vendor/laravel/framework/src/Illuminate/Foundation/Console/Kernel.php(131): Illuminate\\Console\\Application->run()
#26 /var/www/html/sipongi-dev/artisan(37): Illuminate\\Foundation\\Console\\Kernel->handle()
#27 {main}
"} 
