[2020-11-26 00:14:20] production.ERROR: fopen(https://182.16.248.150/cuaca/kebakaran-hutan.bmkg?index=dc&amp;wil=indonesia&amp;day=obs): failed to open stream: HTTP request failed! {"exception":"[object] (Symfony\\Component\\HttpClient\\Exception\\TransportException(code: 0): fopen(https://182.16.248.150/cuaca/kebakaran-hutan.bmkg?index=dc&amp;wil=indonesia&amp;day=obs): failed to open stream: HTTP request failed! at /var/www/html/sipongiplus/sipongi-dev/vendor/symfony/http-client/Chunk/ErrorChunk.php:65)
[stacktrace]
#0 /var/www/html/sipongiplus/sipongi-dev/vendor/symfony/http-client/Response/ResponseTrait.php(235): Symfony\\Component\\HttpClient\\Chunk\\ErrorChunk->isFirst()
#1 /var/www/html/sipongiplus/sipongi-dev/vendor/symfony/http-client/Response/ResponseTrait.php(99): Symfony\\Component\\HttpClient\\Response\\NativeResponse::initialize()
#2 /var/www/html/sipongiplus/sipongi-dev/vendor/symfony/browser-kit/HttpBrowser.php(56): Symfony\\Component\\HttpClient\\Response\\NativeResponse->getContent()
#3 /var/www/html/sipongiplus/sipongi-dev/vendor/symfony/browser-kit/AbstractBrowser.php(384): Symfony\\Component\\BrowserKit\\HttpBrowser->doRequest()
#4 /var/www/html/sipongiplus/sipongi-dev/app/Http/Controllers/Api/Fdrs/BmkgController.php(21): Symfony\\Component\\BrowserKit\\AbstractBrowser->request()
#5 [internal function]: App\\Http\\Controllers\\Api\\Fdrs\\BmkgController->index()
#6 /var/www/html/sipongiplus/sipongi-dev/vendor/laravel/framework/src/Illuminate/Routing/Controller.php(54): call_user_func_array()
#7 /var/www/html/sipongiplus/sipongi-dev/vendor/laravel/framework/src/Illuminate/Routing/ControllerDispatcher.php(45): Illuminate\\Routing\\Controller->callAction()
#8 /var/www/html/sipongiplus/sipongi-dev/vendor/laravel/framework/src/Illuminate/Routing/Route.php(219): Illuminate\\Routing\\ControllerDispatcher->dispatch()
#9 /var/www/html/sipongiplus/sipongi-dev/vendor/laravel/framework/src/Illuminate/Routing/Route.php(176): Illuminate\\Routing\\Route->runController()
#10 /var/www/html/sipongiplus/sipongi-dev/vendor/laravel/framework/src/Illuminate/Routing/Router.php(681): Illuminate\\Routing\\Route->run()
#11 /var/www/html/sipongiplus/sipongi-dev/vendor/laravel/framework/src/Illuminate/Pipeline/Pipeline.php(130): Illuminate\\Routing\\Router->Illuminate\\Routing\\{closure}()
#12 /var/www/html/sipongiplus/sipongi-dev/vendor/laravel/framework/src/Illuminate/Pipeline/Pipeline.php(105): Illuminate\\Pipeline\\Pipeline->Illuminate\\Pipeline\\{closure}()
#13 /var/www/html/sipongiplus/sipongi-dev/vendor/laravel/framework/src/Illuminate/Routing/Router.php(683): Illuminate\\Pipeline\\Pipeline->then()
#14 /var/www/html/sipongiplus/sipongi-dev/vendor/laravel/framework/src/Illuminate/Routing/Router.php(658): Illuminate\\Routing\\Router->runRouteWithinStack()
#15 /var/www/html/sipongiplus/sipongi-dev/vendor/laravel/framework/src/Illuminate/Routing/Router.php(624): Illuminate\\Routing\\Router->runRoute()
#16 /var/www/html/sipongiplus/sipongi-dev/vendor/laravel/framework/src/Illuminate/Routing/Router.php(613): Illuminate\\Routing\\Router->dispatchToRoute()
#17 /var/www/html/sipongiplus/sipongi-dev/vendor/laravel/framework/src/Illuminate/Foundation/Http/Kernel.php(170): Illuminate\\Routing\\Router->dispatch()
#18 /var/www/html/sipongiplus/sipongi-dev/vendor/laravel/framework/src/Illuminate/Pipeline/Pipeline.php(130): Illuminate\\Foundation\\Http\\Kernel->Illuminate\\Foundation\\Http\\{closure}()
#19 /var/www/html/sipongiplus/sipongi-dev/vendor/fruitcake/laravel-cors/src/HandleCors.php(57): Illuminate\\Pipeline\\Pipeline->Illuminate\\Pipeline\\{closure}()
#20 /var/www/html/sipongiplus/sipongi-dev/vendor/laravel/framework/src/Illuminate/Pipeline/Pipeline.php(171): Fruitcake\\Cors\\HandleCors->handle()
#21 /var/www/html/sipongiplus/sipongi-dev/vendor/laravel/framework/src/Illuminate/Foundation/Http/Middleware/TransformsRequest.php(21): Illuminate\\Pipeline\\Pipeline->Illuminate\\Pipeline\\{closure}()
#22 /var/www/html/sipongiplus/sipongi-dev/vendor/laravel/framework/src/Illuminate/Pipeline/Pipeline.php(171): Illuminate\\Foundation\\Http\\Middleware\\TransformsRequest->handle()
#23 /var/www/html/sipongiplus/sipongi-dev/vendor/laravel/framework/src/Illuminate/Foundation/Http/Middleware/TransformsRequest.php(21): Illuminate\\Pipeline\\Pipeline->Illuminate\\Pipeline\\{closure}()
#24 /var/www/html/sipongiplus/sipongi-dev/vendor/laravel/framework/src/Illuminate/Pipeline/Pipeline.php(171): Illuminate\\Foundation\\Http\\Middleware\\TransformsRequest->handle()
#25 /var/www/html/sipongiplus/sipongi-dev/vendor/laravel/framework/src/Illuminate/Foundation/Http/Middleware/ValidatePostSize.php(27): Illuminate\\Pipeline\\Pipeline->Illuminate\\Pipeline\\{closure}()
#26 /var/www/html/sipongiplus/sipongi-dev/vendor/laravel/framework/src/Illuminate/Pipeline/Pipeline.php(171): Illuminate\\Foundation\\Http\\Middleware\\ValidatePostSize->handle()
#27 /var/www/html/sipongiplus/sipongi-dev/vendor/laravel/framework/src/Illuminate/Foundation/Http/Middleware/CheckForMaintenanceMode.php(63): Illuminate\\Pipeline\\Pipeline->Illuminate\\Pipeline\\{closure}()
#28 /var/www/html/sipongiplus/sipongi-dev/vendor/laravel/framework/src/Illuminate/Pipeline/Pipeline.php(171): Illuminate\\Foundation\\Http\\Middleware\\CheckForMaintenanceMode->handle()
#29 /var/www/html/sipongiplus/sipongi-dev/vendor/fideloper/proxy/src/TrustProxies.php(57): Illuminate\\Pipeline\\Pipeline->Illuminate\\Pipeline\\{closure}()
#30 /var/www/html/sipongiplus/sipongi-dev/vendor/laravel/framework/src/Illuminate/Pipeline/Pipeline.php(171): Fideloper\\Proxy\\TrustProxies->handle()
#31 /var/www/html/sipongiplus/sipongi-dev/vendor/laravel/framework/src/Illuminate/Pipeline/Pipeline.php(105): Illuminate\\Pipeline\\Pipeline->Illuminate\\Pipeline\\{closure}()
#32 /var/www/html/sipongiplus/sipongi-dev/vendor/laravel/framework/src/Illuminate/Foundation/Http/Kernel.php(145): Illuminate\\Pipeline\\Pipeline->then()
#33 /var/www/html/sipongiplus/sipongi-dev/vendor/laravel/framework/src/Illuminate/Foundation/Http/Kernel.php(110): Illuminate\\Foundation\\Http\\Kernel->sendRequestThroughRouter()
#34 /var/www/html/sipongiplus/sipongi-dev/public/index.php(55): Illuminate\\Foundation\\Http\\Kernel->handle()
#35 {main}

[previous exception] [object] (Symfony\\Component\\HttpClient\\Exception\\TransportException(code: 0): fopen(https://182.16.248.150/cuaca/kebakaran-hutan.bmkg?index=dc&amp;wil=indonesia&amp;day=obs): failed to open stream: HTTP request failed! at /var/www/html/sipongiplus/sipongi-dev/vendor/symfony/http-client/Response/NativeResponse.php:110)
[stacktrace]
#0 [internal function]: Symfony\\Component\\HttpClient\\Response\\NativeResponse->Symfony\\Component\\HttpClient\\Response\\{closure}()
#1 /var/www/html/sipongiplus/sipongi-dev/vendor/symfony/http-client/Response/NativeResponse.php(139): fopen()
#2 /var/www/html/sipongiplus/sipongi-dev/vendor/symfony/http-client/Response/NativeResponse.php(310): Symfony\\Component\\HttpClient\\Response\\NativeResponse->open()
#3 /var/www/html/sipongiplus/sipongi-dev/vendor/symfony/http-client/Response/ResponseTrait.php(326): Symfony\\Component\\HttpClient\\Response\\NativeResponse::perform()
#4 /var/www/html/sipongiplus/sipongi-dev/vendor/symfony/http-client/Response/ResponseTrait.php(234): Symfony\\Component\\HttpClient\\Response\\NativeResponse::stream()
#5 /var/www/html/sipongiplus/sipongi-dev/vendor/symfony/http-client/Response/ResponseTrait.php(99): Symfony\\Component\\HttpClient\\Response\\NativeResponse::initialize()
#6 /var/www/html/sipongiplus/sipongi-dev/vendor/symfony/browser-kit/HttpBrowser.php(56): Symfony\\Component\\HttpClient\\Response\\NativeResponse->getContent()
#7 /var/www/html/sipongiplus/sipongi-dev/vendor/symfony/browser-kit/AbstractBrowser.php(384): Symfony\\Component\\BrowserKit\\HttpBrowser->doRequest()
#8 /var/www/html/sipongiplus/sipongi-dev/app/Http/Controllers/Api/Fdrs/BmkgController.php(21): Symfony\\Component\\BrowserKit\\AbstractBrowser->request()
#9 [internal function]: App\\Http\\Controllers\\Api\\Fdrs\\BmkgController->index()
#10 /var/www/html/sipongiplus/sipongi-dev/vendor/laravel/framework/src/Illuminate/Routing/Controller.php(54): call_user_func_array()
#11 /var/www/html/sipongiplus/sipongi-dev/vendor/laravel/framework/src/Illuminate/Routing/ControllerDispatcher.php(45): Illuminate\\Routing\\Controller->callAction()
#12 /var/www/html/sipongiplus/sipongi-dev/vendor/laravel/framework/src/Illuminate/Routing/Route.php(219): Illuminate\\Routing\\ControllerDispatcher->dispatch()
#13 /var/www/html/sipongiplus/sipongi-dev/vendor/laravel/framework/src/Illuminate/Routing/Route.php(176): Illuminate\\Routing\\Route->runController()
#14 /var/www/html/sipongiplus/sipongi-dev/vendor/laravel/framework/src/Illuminate/Routing/Router.php(681): Illuminate\\Routing\\Route->run()
#15 /var/www/html/sipongiplus/sipongi-dev/vendor/laravel/framework/src/Illuminate/Pipeline/Pipeline.php(130): Illuminate\\Routing\\Router->Illuminate\\Routing\\{closure}()
#16 /var/www/html/sipongiplus/sipongi-dev/vendor/laravel/framework/src/Illuminate/Pipeline/Pipeline.php(105): Illuminate\\Pipeline\\Pipeline->Illuminate\\Pipeline\\{closure}()
#17 /var/www/html/sipongiplus/sipongi-dev/vendor/laravel/framework/src/Illuminate/Routing/Router.php(683): Illuminate\\Pipeline\\Pipeline->then()
#18 /var/www/html/sipongiplus/sipongi-dev/vendor/laravel/framework/src/Illuminate/Routing/Router.php(658): Illuminate\\Routing\\Router->runRouteWithinStack()
#19 /var/www/html/sipongiplus/sipongi-dev/vendor/laravel/framework/src/Illuminate/Routing/Router.php(624): Illuminate\\Routing\\Router->runRoute()
#20 /var/www/html/sipongiplus/sipongi-dev/vendor/laravel/framework/src/Illuminate/Routing/Router.php(613): Illuminate\\Routing\\Router->dispatchToRoute()
#21 /var/www/html/sipongiplus/sipongi-dev/vendor/laravel/framework/src/Illuminate/Foundation/Http/Kernel.php(170): Illuminate\\Routing\\Router->dispatch()
#22 /var/www/html/sipongiplus/sipongi-dev/vendor/laravel/framework/src/Illuminate/Pipeline/Pipeline.php(130): Illuminate\\Foundation\\Http\\Kernel->Illuminate\\Foundation\\Http\\{closure}()
#23 /var/www/html/sipongiplus/sipongi-dev/vendor/fruitcake/laravel-cors/src/HandleCors.php(57): Illuminate\\Pipeline\\Pipeline->Illuminate\\Pipeline\\{closure}()
#24 /var/www/html/sipongiplus/sipongi-dev/vendor/laravel/framework/src/Illuminate/Pipeline/Pipeline.php(171): Fruitcake\\Cors\\HandleCors->handle()
#25 /var/www/html/sipongiplus/sipongi-dev/vendor/laravel/framework/src/Illuminate/Foundation/Http/Middleware/TransformsRequest.php(21): Illuminate\\Pipeline\\Pipeline->Illuminate\\Pipeline\\{closure}()
#26 /var/www/html/sipongiplus/sipongi-dev/vendor/laravel/framework/src/Illuminate/Pipeline/Pipeline.php(171): Illuminate\\Foundation\\Http\\Middleware\\TransformsRequest->handle()
#27 /var/www/html/sipongiplus/sipongi-dev/vendor/laravel/framework/src/Illuminate/Foundation/Http/Middleware/TransformsRequest.php(21): Illuminate\\Pipeline\\Pipeline->Illuminate\\Pipeline\\{closure}()
#28 /var/www/html/sipongiplus/sipongi-dev/vendor/laravel/framework/src/Illuminate/Pipeline/Pipeline.php(171): Illuminate\\Foundation\\Http\\Middleware\\TransformsRequest->handle()
#29 /var/www/html/sipongiplus/sipongi-dev/vendor/laravel/framework/src/Illuminate/Foundation/Http/Middleware/ValidatePostSize.php(27): Illuminate\\Pipeline\\Pipeline->Illuminate\\Pipeline\\{closure}()
#30 /var/www/html/sipongiplus/sipongi-dev/vendor/laravel/framework/src/Illuminate/Pipeline/Pipeline.php(171): Illuminate\\Foundation\\Http\\Middleware\\ValidatePostSize->handle()
#31 /var/www/html/sipongiplus/sipongi-dev/vendor/laravel/framework/src/Illuminate/Foundation/Http/Middleware/CheckForMaintenanceMode.php(63): Illuminate\\Pipeline\\Pipeline->Illuminate\\Pipeline\\{closure}()
#32 /var/www/html/sipongiplus/sipongi-dev/vendor/laravel/framework/src/Illuminate/Pipeline/Pipeline.php(171): Illuminate\\Foundation\\Http\\Middleware\\CheckForMaintenanceMode->handle()
#33 /var/www/html/sipongiplus/sipongi-dev/vendor/fideloper/proxy/src/TrustProxies.php(57): Illuminate\\Pipeline\\Pipeline->Illuminate\\Pipeline\\{closure}()
#34 /var/www/html/sipongiplus/sipongi-dev/vendor/laravel/framework/src/Illuminate/Pipeline/Pipeline.php(171): Fideloper\\Proxy\\TrustProxies->handle()
#35 /var/www/html/sipongiplus/sipongi-dev/vendor/laravel/framework/src/Illuminate/Pipeline/Pipeline.php(105): Illuminate\\Pipeline\\Pipeline->Illuminate\\Pipeline\\{closure}()
#36 /var/www/html/sipongiplus/sipongi-dev/vendor/laravel/framework/src/Illuminate/Foundation/Http/Kernel.php(145): Illuminate\\Pipeline\\Pipeline->then()
#37 /var/www/html/sipongiplus/sipongi-dev/vendor/laravel/framework/src/Illuminate/Foundation/Http/Kernel.php(110): Illuminate\\Foundation\\Http\\Kernel->sendRequestThroughRouter()
#38 /var/www/html/sipongiplus/sipongi-dev/public/index.php(55): Illuminate\\Foundation\\Http\\Kernel->handle()
#39 {main}
"} 
