[2020-10-22 08:54:44] production.ERROR: Please make sure the PHP Redis extension is installed and enabled. {"exception":"[object] (LogicException(code: 0): Please make sure the PHP Redis extension is installed and enabled. at /home/sulthan/Downloads/drive-download-20201020T054305Z-001/sipongi-dev/vendor/laravel/framework/src/Illuminate/Redis/Connectors/PhpRedisConnector.php:77)
[stacktrace]
#0 /home/sulthan/Downloads/drive-download-20201020T054305Z-001/sipongi-dev/vendor/laravel/framework/src/Illuminate/Support/helpers.php(422): Illuminate\\Redis\\Connectors\\PhpRedisConnector->Illuminate\\Redis\\Connectors\\{closure}()
#1 /home/sulthan/Downloads/drive-download-20201020T054305Z-001/sipongi-dev/vendor/laravel/framework/src/Illuminate/Redis/Connectors/PhpRedisConnector.php(105): tap()
#2 /home/sulthan/Downloads/drive-download-20201020T054305Z-001/sipongi-dev/vendor/laravel/framework/src/Illuminate/Redis/Connectors/PhpRedisConnector.php(28): Illuminate\\Redis\\Connectors\\PhpRedisConnector->createClient()
#3 /home/sulthan/Downloads/drive-download-20201020T054305Z-001/sipongi-dev/vendor/laravel/framework/src/Illuminate/Redis/Connectors/PhpRedisConnector.php(32): Illuminate\\Redis\\Connectors\\PhpRedisConnector->Illuminate\\Redis\\Connectors\\{closure}()
#4 /home/sulthan/Downloads/drive-download-20201020T054305Z-001/sipongi-dev/vendor/laravel/framework/src/Illuminate/Redis/RedisManager.php(110): Illuminate\\Redis\\Connectors\\PhpRedisConnector->connect()
#5 /home/sulthan/Downloads/drive-download-20201020T054305Z-001/sipongi-dev/vendor/laravel/framework/src/Illuminate/Redis/RedisManager.php(90): Illuminate\\Redis\\RedisManager->resolve()
#6 /home/sulthan/Downloads/drive-download-20201020T054305Z-001/sipongi-dev/vendor/laravel/framework/src/Illuminate/Cache/RedisStore.php(242): Illuminate\\Redis\\RedisManager->connection()
#7 /home/sulthan/Downloads/drive-download-20201020T054305Z-001/sipongi-dev/vendor/laravel/framework/src/Illuminate/Cache/RedisStore.php(217): Illuminate\\Cache\\RedisStore->connection()
#8 /home/sulthan/Downloads/drive-download-20201020T054305Z-001/sipongi-dev/vendor/laravel/framework/src/Illuminate/Cache/Repository.php(646): Illuminate\\Cache\\RedisStore->flush()
#9 /home/sulthan/Downloads/drive-download-20201020T054305Z-001/sipongi-dev/vendor/laravel/framework/src/Illuminate/Cache/Console/ClearCommand.php(67): Illuminate\\Cache\\Repository->__call()
#10 [internal function]: Illuminate\\Cache\\Console\\ClearCommand->handle()
#11 /home/sulthan/Downloads/drive-download-20201020T054305Z-001/sipongi-dev/vendor/laravel/framework/src/Illuminate/Container/BoundMethod.php(32): call_user_func_array()
#12 /home/sulthan/Downloads/drive-download-20201020T054305Z-001/sipongi-dev/vendor/laravel/framework/src/Illuminate/Container/Util.php(37): Illuminate\\Container\\BoundMethod::Illuminate\\Container\\{closure}()
#13 /home/sulthan/Downloads/drive-download-20201020T054305Z-001/sipongi-dev/vendor/laravel/framework/src/Illuminate/Container/BoundMethod.php(90): Illuminate\\Container\\Util::unwrapIfClosure()
#14 /home/sulthan/Downloads/drive-download-20201020T054305Z-001/sipongi-dev/vendor/laravel/framework/src/Illuminate/Container/BoundMethod.php(34): Illuminate\\Container\\BoundMethod::callBoundMethod()
#15 /home/sulthan/Downloads/drive-download-20201020T054305Z-001/sipongi-dev/vendor/laravel/framework/src/Illuminate/Container/Container.php(590): Illuminate\\Container\\BoundMethod::call()
#16 /home/sulthan/Downloads/drive-download-20201020T054305Z-001/sipongi-dev/vendor/laravel/framework/src/Illuminate/Console/Command.php(134): Illuminate\\Container\\Container->call()
#17 /home/sulthan/Downloads/drive-download-20201020T054305Z-001/sipongi-dev/vendor/symfony/console/Command/Command.php(255): Illuminate\\Console\\Command->execute()
#18 /home/sulthan/Downloads/drive-download-20201020T054305Z-001/sipongi-dev/vendor/laravel/framework/src/Illuminate/Console/Command.php(121): Symfony\\Component\\Console\\Command\\Command->run()
#19 /home/sulthan/Downloads/drive-download-20201020T054305Z-001/sipongi-dev/vendor/symfony/console/Application.php(1009): Illuminate\\Console\\Command->run()
#20 /home/sulthan/Downloads/drive-download-20201020T054305Z-001/sipongi-dev/vendor/symfony/console/Application.php(273): Symfony\\Component\\Console\\Application->doRunCommand()
#21 /home/sulthan/Downloads/drive-download-20201020T054305Z-001/sipongi-dev/vendor/symfony/console/Application.php(149): Symfony\\Component\\Console\\Application->doRun()
#22 /home/sulthan/Downloads/drive-download-20201020T054305Z-001/sipongi-dev/vendor/laravel/framework/src/Illuminate/Console/Application.php(93): Symfony\\Component\\Console\\Application->run()
#23 /home/sulthan/Downloads/drive-download-20201020T054305Z-001/sipongi-dev/vendor/laravel/framework/src/Illuminate/Foundation/Console/Kernel.php(131): Illuminate\\Console\\Application->run()
#24 /home/sulthan/Downloads/drive-download-20201020T054305Z-001/sipongi-dev/artisan(37): Illuminate\\Foundation\\Console\\Kernel->handle()
#25 {main}
"} 
[2020-10-22 08:54:49] production.ERROR: Please make sure the PHP Redis extension is installed and enabled. {"exception":"[object] (LogicException(code: 0): Please make sure the PHP Redis extension is installed and enabled. at /home/sulthan/Downloads/drive-download-20201020T054305Z-001/sipongi-dev/vendor/laravel/framework/src/Illuminate/Redis/Connectors/PhpRedisConnector.php:77)
[stacktrace]
#0 /home/sulthan/Downloads/drive-download-20201020T054305Z-001/sipongi-dev/vendor/laravel/framework/src/Illuminate/Support/helpers.php(422): Illuminate\\Redis\\Connectors\\PhpRedisConnector->Illuminate\\Redis\\Connectors\\{closure}()
#1 /home/sulthan/Downloads/drive-download-20201020T054305Z-001/sipongi-dev/vendor/laravel/framework/src/Illuminate/Redis/Connectors/PhpRedisConnector.php(105): tap()
#2 /home/sulthan/Downloads/drive-download-20201020T054305Z-001/sipongi-dev/vendor/laravel/framework/src/Illuminate/Redis/Connectors/PhpRedisConnector.php(28): Illuminate\\Redis\\Connectors\\PhpRedisConnector->createClient()
#3 /home/sulthan/Downloads/drive-download-20201020T054305Z-001/sipongi-dev/vendor/laravel/framework/src/Illuminate/Redis/Connectors/PhpRedisConnector.php(32): Illuminate\\Redis\\Connectors\\PhpRedisConnector->Illuminate\\Redis\\Connectors\\{closure}()
#4 /home/sulthan/Downloads/drive-download-20201020T054305Z-001/sipongi-dev/vendor/laravel/framework/src/Illuminate/Redis/RedisManager.php(110): Illuminate\\Redis\\Connectors\\PhpRedisConnector->connect()
#5 /home/sulthan/Downloads/drive-download-20201020T054305Z-001/sipongi-dev/vendor/laravel/framework/src/Illuminate/Redis/RedisManager.php(90): Illuminate\\Redis\\RedisManager->resolve()
#6 /home/sulthan/Downloads/drive-download-20201020T054305Z-001/sipongi-dev/vendor/laravel/framework/src/Illuminate/Cache/RedisStore.php(242): Illuminate\\Redis\\RedisManager->connection()
#7 /home/sulthan/Downloads/drive-download-20201020T054305Z-001/sipongi-dev/vendor/laravel/framework/src/Illuminate/Cache/RedisStore.php(217): Illuminate\\Cache\\RedisStore->connection()
#8 /home/sulthan/Downloads/drive-download-20201020T054305Z-001/sipongi-dev/vendor/laravel/framework/src/Illuminate/Cache/Repository.php(646): Illuminate\\Cache\\RedisStore->flush()
#9 /home/sulthan/Downloads/drive-download-20201020T054305Z-001/sipongi-dev/vendor/laravel/framework/src/Illuminate/Cache/Console/ClearCommand.php(67): Illuminate\\Cache\\Repository->__call()
#10 [internal function]: Illuminate\\Cache\\Console\\ClearCommand->handle()
#11 /home/sulthan/Downloads/drive-download-20201020T054305Z-001/sipongi-dev/vendor/laravel/framework/src/Illuminate/Container/BoundMethod.php(32): call_user_func_array()
#12 /home/sulthan/Downloads/drive-download-20201020T054305Z-001/sipongi-dev/vendor/laravel/framework/src/Illuminate/Container/Util.php(37): Illuminate\\Container\\BoundMethod::Illuminate\\Container\\{closure}()
#13 /home/sulthan/Downloads/drive-download-20201020T054305Z-001/sipongi-dev/vendor/laravel/framework/src/Illuminate/Container/BoundMethod.php(90): Illuminate\\Container\\Util::unwrapIfClosure()
#14 /home/sulthan/Downloads/drive-download-20201020T054305Z-001/sipongi-dev/vendor/laravel/framework/src/Illuminate/Container/BoundMethod.php(34): Illuminate\\Container\\BoundMethod::callBoundMethod()
#15 /home/sulthan/Downloads/drive-download-20201020T054305Z-001/sipongi-dev/vendor/laravel/framework/src/Illuminate/Container/Container.php(590): Illuminate\\Container\\BoundMethod::call()
#16 /home/sulthan/Downloads/drive-download-20201020T054305Z-001/sipongi-dev/vendor/laravel/framework/src/Illuminate/Console/Command.php(134): Illuminate\\Container\\Container->call()
#17 /home/sulthan/Downloads/drive-download-20201020T054305Z-001/sipongi-dev/vendor/symfony/console/Command/Command.php(255): Illuminate\\Console\\Command->execute()
#18 /home/sulthan/Downloads/drive-download-20201020T054305Z-001/sipongi-dev/vendor/laravel/framework/src/Illuminate/Console/Command.php(121): Symfony\\Component\\Console\\Command\\Command->run()
#19 /home/sulthan/Downloads/drive-download-20201020T054305Z-001/sipongi-dev/vendor/symfony/console/Application.php(1009): Illuminate\\Console\\Command->run()
#20 /home/sulthan/Downloads/drive-download-20201020T054305Z-001/sipongi-dev/vendor/symfony/console/Application.php(273): Symfony\\Component\\Console\\Application->doRunCommand()
#21 /home/sulthan/Downloads/drive-download-20201020T054305Z-001/sipongi-dev/vendor/symfony/console/Application.php(149): Symfony\\Component\\Console\\Application->doRun()
#22 /home/sulthan/Downloads/drive-download-20201020T054305Z-001/sipongi-dev/vendor/laravel/framework/src/Illuminate/Console/Application.php(93): Symfony\\Component\\Console\\Application->run()
#23 /home/sulthan/Downloads/drive-download-20201020T054305Z-001/sipongi-dev/vendor/laravel/framework/src/Illuminate/Foundation/Console/Kernel.php(131): Illuminate\\Console\\Application->run()
#24 /home/sulthan/Downloads/drive-download-20201020T054305Z-001/sipongi-dev/artisan(37): Illuminate\\Foundation\\Console\\Kernel->handle()
#25 {main}
"} 
[2020-10-22 08:54:54] production.ERROR: Please make sure the PHP Redis extension is installed and enabled. {"exception":"[object] (LogicException(code: 0): Please make sure the PHP Redis extension is installed and enabled. at /home/sulthan/Downloads/drive-download-20201020T054305Z-001/sipongi-dev/vendor/laravel/framework/src/Illuminate/Redis/Connectors/PhpRedisConnector.php:77)
[stacktrace]
#0 /home/sulthan/Downloads/drive-download-20201020T054305Z-001/sipongi-dev/vendor/laravel/framework/src/Illuminate/Support/helpers.php(422): Illuminate\\Redis\\Connectors\\PhpRedisConnector->Illuminate\\Redis\\Connectors\\{closure}()
#1 /home/sulthan/Downloads/drive-download-20201020T054305Z-001/sipongi-dev/vendor/laravel/framework/src/Illuminate/Redis/Connectors/PhpRedisConnector.php(105): tap()
#2 /home/sulthan/Downloads/drive-download-20201020T054305Z-001/sipongi-dev/vendor/laravel/framework/src/Illuminate/Redis/Connectors/PhpRedisConnector.php(28): Illuminate\\Redis\\Connectors\\PhpRedisConnector->createClient()
#3 /home/sulthan/Downloads/drive-download-20201020T054305Z-001/sipongi-dev/vendor/laravel/framework/src/Illuminate/Redis/Connectors/PhpRedisConnector.php(32): Illuminate\\Redis\\Connectors\\PhpRedisConnector->Illuminate\\Redis\\Connectors\\{closure}()
#4 /home/sulthan/Downloads/drive-download-20201020T054305Z-001/sipongi-dev/vendor/laravel/framework/src/Illuminate/Redis/RedisManager.php(110): Illuminate\\Redis\\Connectors\\PhpRedisConnector->connect()
#5 /home/sulthan/Downloads/drive-download-20201020T054305Z-001/sipongi-dev/vendor/laravel/framework/src/Illuminate/Redis/RedisManager.php(90): Illuminate\\Redis\\RedisManager->resolve()
#6 /home/sulthan/Downloads/drive-download-20201020T054305Z-001/sipongi-dev/vendor/laravel/framework/src/Illuminate/Cache/RedisStore.php(242): Illuminate\\Redis\\RedisManager->connection()
#7 /home/sulthan/Downloads/drive-download-20201020T054305Z-001/sipongi-dev/vendor/laravel/framework/src/Illuminate/Cache/RedisStore.php(54): Illuminate\\Cache\\RedisStore->connection()
#8 /home/sulthan/Downloads/drive-download-20201020T054305Z-001/sipongi-dev/vendor/laravel/framework/src/Illuminate/Cache/Repository.php(97): Illuminate\\Cache\\RedisStore->get()
#9 /home/sulthan/Downloads/drive-download-20201020T054305Z-001/sipongi-dev/vendor/laravel/framework/src/Illuminate/Session/CacheBasedSessionHandler.php(58): Illuminate\\Cache\\Repository->get()
#10 /home/sulthan/Downloads/drive-download-20201020T054305Z-001/sipongi-dev/vendor/laravel/framework/src/Illuminate/Session/Store.php(97): Illuminate\\Session\\CacheBasedSessionHandler->read()
#11 /home/sulthan/Downloads/drive-download-20201020T054305Z-001/sipongi-dev/vendor/laravel/framework/src/Illuminate/Session/Store.php(87): Illuminate\\Session\\Store->readFromHandler()
#12 /home/sulthan/Downloads/drive-download-20201020T054305Z-001/sipongi-dev/vendor/laravel/framework/src/Illuminate/Session/Store.php(71): Illuminate\\Session\\Store->loadSession()
#13 /home/sulthan/Downloads/drive-download-20201020T054305Z-001/sipongi-dev/vendor/laravel/framework/src/Illuminate/Session/Middleware/StartSession.php(81): Illuminate\\Session\\Store->start()
#14 /home/sulthan/Downloads/drive-download-20201020T054305Z-001/sipongi-dev/vendor/laravel/framework/src/Illuminate/Support/helpers.php(422): Illuminate\\Session\\Middleware\\StartSession->Illuminate\\Session\\Middleware\\{closure}()
#15 /home/sulthan/Downloads/drive-download-20201020T054305Z-001/sipongi-dev/vendor/laravel/framework/src/Illuminate/Session/Middleware/StartSession.php(82): tap()
#16 /home/sulthan/Downloads/drive-download-20201020T054305Z-001/sipongi-dev/vendor/laravel/framework/src/Illuminate/Session/Middleware/StartSession.php(51): Illuminate\\Session\\Middleware\\StartSession->startSession()
#17 /home/sulthan/Downloads/drive-download-20201020T054305Z-001/sipongi-dev/vendor/laravel/framework/src/Illuminate/Pipeline/Pipeline.php(171): Illuminate\\Session\\Middleware\\StartSession->handle()
#18 /home/sulthan/Downloads/drive-download-20201020T054305Z-001/sipongi-dev/vendor/laravel/framework/src/Illuminate/Cookie/Middleware/AddQueuedCookiesToResponse.php(37): Illuminate\\Pipeline\\Pipeline->Illuminate\\Pipeline\\{closure}()
#19 /home/sulthan/Downloads/drive-download-20201020T054305Z-001/sipongi-dev/vendor/laravel/framework/src/Illuminate/Pipeline/Pipeline.php(171): Illuminate\\Cookie\\Middleware\\AddQueuedCookiesToResponse->handle()
#20 /home/sulthan/Downloads/drive-download-20201020T054305Z-001/sipongi-dev/vendor/laravel/framework/src/Illuminate/Cookie/Middleware/EncryptCookies.php(67): Illuminate\\Pipeline\\Pipeline->Illuminate\\Pipeline\\{closure}()
#21 /home/sulthan/Downloads/drive-download-20201020T054305Z-001/sipongi-dev/vendor/laravel/framework/src/Illuminate/Pipeline/Pipeline.php(171): Illuminate\\Cookie\\Middleware\\EncryptCookies->handle()
#22 /home/sulthan/Downloads/drive-download-20201020T054305Z-001/sipongi-dev/vendor/laravel/framework/src/Illuminate/Pipeline/Pipeline.php(105): Illuminate\\Pipeline\\Pipeline->Illuminate\\Pipeline\\{closure}()
#23 /home/sulthan/Downloads/drive-download-20201020T054305Z-001/sipongi-dev/vendor/laravel/framework/src/Illuminate/Routing/Router.php(683): Illuminate\\Pipeline\\Pipeline->then()
#24 /home/sulthan/Downloads/drive-download-20201020T054305Z-001/sipongi-dev/vendor/laravel/framework/src/Illuminate/Routing/Router.php(658): Illuminate\\Routing\\Router->runRouteWithinStack()
#25 /home/sulthan/Downloads/drive-download-20201020T054305Z-001/sipongi-dev/vendor/laravel/framework/src/Illuminate/Routing/Router.php(624): Illuminate\\Routing\\Router->runRoute()
#26 /home/sulthan/Downloads/drive-download-20201020T054305Z-001/sipongi-dev/vendor/laravel/framework/src/Illuminate/Routing/Router.php(613): Illuminate\\Routing\\Router->dispatchToRoute()
#27 /home/sulthan/Downloads/drive-download-20201020T054305Z-001/sipongi-dev/vendor/laravel/framework/src/Illuminate/Foundation/Http/Kernel.php(170): Illuminate\\Routing\\Router->dispatch()
#28 /home/sulthan/Downloads/drive-download-20201020T054305Z-001/sipongi-dev/vendor/laravel/framework/src/Illuminate/Pipeline/Pipeline.php(130): Illuminate\\Foundation\\Http\\Kernel->Illuminate\\Foundation\\Http\\{closure}()
#29 /home/sulthan/Downloads/drive-download-20201020T054305Z-001/sipongi-dev/vendor/fruitcake/laravel-cors/src/HandleCors.php(57): Illuminate\\Pipeline\\Pipeline->Illuminate\\Pipeline\\{closure}()
#30 /home/sulthan/Downloads/drive-download-20201020T054305Z-001/sipongi-dev/vendor/laravel/framework/src/Illuminate/Pipeline/Pipeline.php(171): Fruitcake\\Cors\\HandleCors->handle()
#31 /home/sulthan/Downloads/drive-download-20201020T054305Z-001/sipongi-dev/vendor/laravel/framework/src/Illuminate/Foundation/Http/Middleware/TransformsRequest.php(21): Illuminate\\Pipeline\\Pipeline->Illuminate\\Pipeline\\{closure}()
#32 /home/sulthan/Downloads/drive-download-20201020T054305Z-001/sipongi-dev/vendor/laravel/framework/src/Illuminate/Pipeline/Pipeline.php(171): Illuminate\\Foundation\\Http\\Middleware\\TransformsRequest->handle()
#33 /home/sulthan/Downloads/drive-download-20201020T054305Z-001/sipongi-dev/vendor/laravel/framework/src/Illuminate/Foundation/Http/Middleware/TransformsRequest.php(21): Illuminate\\Pipeline\\Pipeline->Illuminate\\Pipeline\\{closure}()
#34 /home/sulthan/Downloads/drive-download-20201020T054305Z-001/sipongi-dev/vendor/laravel/framework/src/Illuminate/Pipeline/Pipeline.php(171): Illuminate\\Foundation\\Http\\Middleware\\TransformsRequest->handle()
#35 /home/sulthan/Downloads/drive-download-20201020T054305Z-001/sipongi-dev/vendor/laravel/framework/src/Illuminate/Foundation/Http/Middleware/ValidatePostSize.php(27): Illuminate\\Pipeline\\Pipeline->Illuminate\\Pipeline\\{closure}()
#36 /home/sulthan/Downloads/drive-download-20201020T054305Z-001/sipongi-dev/vendor/laravel/framework/src/Illuminate/Pipeline/Pipeline.php(171): Illuminate\\Foundation\\Http\\Middleware\\ValidatePostSize->handle()
#37 /home/sulthan/Downloads/drive-download-20201020T054305Z-001/sipongi-dev/vendor/laravel/framework/src/Illuminate/Foundation/Http/Middleware/CheckForMaintenanceMode.php(63): Illuminate\\Pipeline\\Pipeline->Illuminate\\Pipeline\\{closure}()
#38 /home/sulthan/Downloads/drive-download-20201020T054305Z-001/sipongi-dev/vendor/laravel/framework/src/Illuminate/Pipeline/Pipeline.php(171): Illuminate\\Foundation\\Http\\Middleware\\CheckForMaintenanceMode->handle()
#39 /home/sulthan/Downloads/drive-download-20201020T054305Z-001/sipongi-dev/vendor/fideloper/proxy/src/TrustProxies.php(57): Illuminate\\Pipeline\\Pipeline->Illuminate\\Pipeline\\{closure}()
#40 /home/sulthan/Downloads/drive-download-20201020T054305Z-001/sipongi-dev/vendor/laravel/framework/src/Illuminate/Pipeline/Pipeline.php(171): Fideloper\\Proxy\\TrustProxies->handle()
#41 /home/sulthan/Downloads/drive-download-20201020T054305Z-001/sipongi-dev/vendor/laravel/framework/src/Illuminate/Pipeline/Pipeline.php(105): Illuminate\\Pipeline\\Pipeline->Illuminate\\Pipeline\\{closure}()
#42 /home/sulthan/Downloads/drive-download-20201020T054305Z-001/sipongi-dev/vendor/laravel/framework/src/Illuminate/Foundation/Http/Kernel.php(145): Illuminate\\Pipeline\\Pipeline->then()
#43 /home/sulthan/Downloads/drive-download-20201020T054305Z-001/sipongi-dev/vendor/laravel/framework/src/Illuminate/Foundation/Http/Kernel.php(110): Illuminate\\Foundation\\Http\\Kernel->sendRequestThroughRouter()
#44 /home/sulthan/Downloads/drive-download-20201020T054305Z-001/sipongi-dev/public/index.php(55): Illuminate\\Foundation\\Http\\Kernel->handle()
#45 /home/sulthan/Downloads/drive-download-20201020T054305Z-001/sipongi-dev/server.php(21): require_once('/home/sulthan/D...')
#46 {main}
"} 
[2020-10-22 08:59:21] production.ERROR: Please make sure the PHP Redis extension is installed and enabled. {"exception":"[object] (LogicException(code: 0): Please make sure the PHP Redis extension is installed and enabled. at /home/sulthan/Downloads/drive-download-20201020T054305Z-001/sipongi-dev/vendor/laravel/framework/src/Illuminate/Redis/Connectors/PhpRedisConnector.php:77)
[stacktrace]
#0 /home/sulthan/Downloads/drive-download-20201020T054305Z-001/sipongi-dev/vendor/laravel/framework/src/Illuminate/Support/helpers.php(422): Illuminate\\Redis\\Connectors\\PhpRedisConnector->Illuminate\\Redis\\Connectors\\{closure}()
#1 /home/sulthan/Downloads/drive-download-20201020T054305Z-001/sipongi-dev/vendor/laravel/framework/src/Illuminate/Redis/Connectors/PhpRedisConnector.php(105): tap()
#2 /home/sulthan/Downloads/drive-download-20201020T054305Z-001/sipongi-dev/vendor/laravel/framework/src/Illuminate/Redis/Connectors/PhpRedisConnector.php(28): Illuminate\\Redis\\Connectors\\PhpRedisConnector->createClient()
#3 /home/sulthan/Downloads/drive-download-20201020T054305Z-001/sipongi-dev/vendor/laravel/framework/src/Illuminate/Redis/Connectors/PhpRedisConnector.php(32): Illuminate\\Redis\\Connectors\\PhpRedisConnector->Illuminate\\Redis\\Connectors\\{closure}()
#4 /home/sulthan/Downloads/drive-download-20201020T054305Z-001/sipongi-dev/vendor/laravel/framework/src/Illuminate/Redis/RedisManager.php(110): Illuminate\\Redis\\Connectors\\PhpRedisConnector->connect()
#5 /home/sulthan/Downloads/drive-download-20201020T054305Z-001/sipongi-dev/vendor/laravel/framework/src/Illuminate/Redis/RedisManager.php(90): Illuminate\\Redis\\RedisManager->resolve()
#6 /home/sulthan/Downloads/drive-download-20201020T054305Z-001/sipongi-dev/vendor/laravel/framework/src/Illuminate/Cache/RedisStore.php(242): Illuminate\\Redis\\RedisManager->connection()
#7 /home/sulthan/Downloads/drive-download-20201020T054305Z-001/sipongi-dev/vendor/laravel/framework/src/Illuminate/Cache/RedisStore.php(54): Illuminate\\Cache\\RedisStore->connection()
#8 /home/sulthan/Downloads/drive-download-20201020T054305Z-001/sipongi-dev/vendor/laravel/framework/src/Illuminate/Cache/Repository.php(97): Illuminate\\Cache\\RedisStore->get()
#9 /home/sulthan/Downloads/drive-download-20201020T054305Z-001/sipongi-dev/vendor/laravel/framework/src/Illuminate/Session/CacheBasedSessionHandler.php(58): Illuminate\\Cache\\Repository->get()
#10 /home/sulthan/Downloads/drive-download-20201020T054305Z-001/sipongi-dev/vendor/laravel/framework/src/Illuminate/Session/Store.php(97): Illuminate\\Session\\CacheBasedSessionHandler->read()
#11 /home/sulthan/Downloads/drive-download-20201020T054305Z-001/sipongi-dev/vendor/laravel/framework/src/Illuminate/Session/Store.php(87): Illuminate\\Session\\Store->readFromHandler()
#12 /home/sulthan/Downloads/drive-download-20201020T054305Z-001/sipongi-dev/vendor/laravel/framework/src/Illuminate/Session/Store.php(71): Illuminate\\Session\\Store->loadSession()
#13 /home/sulthan/Downloads/drive-download-20201020T054305Z-001/sipongi-dev/vendor/laravel/framework/src/Illuminate/Session/Middleware/StartSession.php(81): Illuminate\\Session\\Store->start()
#14 /home/sulthan/Downloads/drive-download-20201020T054305Z-001/sipongi-dev/vendor/laravel/framework/src/Illuminate/Support/helpers.php(422): Illuminate\\Session\\Middleware\\StartSession->Illuminate\\Session\\Middleware\\{closure}()
#15 /home/sulthan/Downloads/drive-download-20201020T054305Z-001/sipongi-dev/vendor/laravel/framework/src/Illuminate/Session/Middleware/StartSession.php(82): tap()
#16 /home/sulthan/Downloads/drive-download-20201020T054305Z-001/sipongi-dev/vendor/laravel/framework/src/Illuminate/Session/Middleware/StartSession.php(51): Illuminate\\Session\\Middleware\\StartSession->startSession()
#17 /home/sulthan/Downloads/drive-download-20201020T054305Z-001/sipongi-dev/vendor/laravel/framework/src/Illuminate/Pipeline/Pipeline.php(171): Illuminate\\Session\\Middleware\\StartSession->handle()
#18 /home/sulthan/Downloads/drive-download-20201020T054305Z-001/sipongi-dev/vendor/laravel/framework/src/Illuminate/Cookie/Middleware/AddQueuedCookiesToResponse.php(37): Illuminate\\Pipeline\\Pipeline->Illuminate\\Pipeline\\{closure}()
#19 /home/sulthan/Downloads/drive-download-20201020T054305Z-001/sipongi-dev/vendor/laravel/framework/src/Illuminate/Pipeline/Pipeline.php(171): Illuminate\\Cookie\\Middleware\\AddQueuedCookiesToResponse->handle()
#20 /home/sulthan/Downloads/drive-download-20201020T054305Z-001/sipongi-dev/vendor/laravel/framework/src/Illuminate/Cookie/Middleware/EncryptCookies.php(67): Illuminate\\Pipeline\\Pipeline->Illuminate\\Pipeline\\{closure}()
#21 /home/sulthan/Downloads/drive-download-20201020T054305Z-001/sipongi-dev/vendor/laravel/framework/src/Illuminate/Pipeline/Pipeline.php(171): Illuminate\\Cookie\\Middleware\\EncryptCookies->handle()
#22 /home/sulthan/Downloads/drive-download-20201020T054305Z-001/sipongi-dev/vendor/laravel/framework/src/Illuminate/Pipeline/Pipeline.php(105): Illuminate\\Pipeline\\Pipeline->Illuminate\\Pipeline\\{closure}()
#23 /home/sulthan/Downloads/drive-download-20201020T054305Z-001/sipongi-dev/vendor/laravel/framework/src/Illuminate/Routing/Router.php(683): Illuminate\\Pipeline\\Pipeline->then()
#24 /home/sulthan/Downloads/drive-download-20201020T054305Z-001/sipongi-dev/vendor/laravel/framework/src/Illuminate/Routing/Router.php(658): Illuminate\\Routing\\Router->runRouteWithinStack()
#25 /home/sulthan/Downloads/drive-download-20201020T054305Z-001/sipongi-dev/vendor/laravel/framework/src/Illuminate/Routing/Router.php(624): Illuminate\\Routing\\Router->runRoute()
#26 /home/sulthan/Downloads/drive-download-20201020T054305Z-001/sipongi-dev/vendor/laravel/framework/src/Illuminate/Routing/Router.php(613): Illuminate\\Routing\\Router->dispatchToRoute()
#27 /home/sulthan/Downloads/drive-download-20201020T054305Z-001/sipongi-dev/vendor/laravel/framework/src/Illuminate/Foundation/Http/Kernel.php(170): Illuminate\\Routing\\Router->dispatch()
#28 /home/sulthan/Downloads/drive-download-20201020T054305Z-001/sipongi-dev/vendor/laravel/framework/src/Illuminate/Pipeline/Pipeline.php(130): Illuminate\\Foundation\\Http\\Kernel->Illuminate\\Foundation\\Http\\{closure}()
#29 /home/sulthan/Downloads/drive-download-20201020T054305Z-001/sipongi-dev/vendor/fruitcake/laravel-cors/src/HandleCors.php(57): Illuminate\\Pipeline\\Pipeline->Illuminate\\Pipeline\\{closure}()
#30 /home/sulthan/Downloads/drive-download-20201020T054305Z-001/sipongi-dev/vendor/laravel/framework/src/Illuminate/Pipeline/Pipeline.php(171): Fruitcake\\Cors\\HandleCors->handle()
#31 /home/sulthan/Downloads/drive-download-20201020T054305Z-001/sipongi-dev/vendor/laravel/framework/src/Illuminate/Foundation/Http/Middleware/TransformsRequest.php(21): Illuminate\\Pipeline\\Pipeline->Illuminate\\Pipeline\\{closure}()
#32 /home/sulthan/Downloads/drive-download-20201020T054305Z-001/sipongi-dev/vendor/laravel/framework/src/Illuminate/Pipeline/Pipeline.php(171): Illuminate\\Foundation\\Http\\Middleware\\TransformsRequest->handle()
#33 /home/sulthan/Downloads/drive-download-20201020T054305Z-001/sipongi-dev/vendor/laravel/framework/src/Illuminate/Foundation/Http/Middleware/TransformsRequest.php(21): Illuminate\\Pipeline\\Pipeline->Illuminate\\Pipeline\\{closure}()
#34 /home/sulthan/Downloads/drive-download-20201020T054305Z-001/sipongi-dev/vendor/laravel/framework/src/Illuminate/Pipeline/Pipeline.php(171): Illuminate\\Foundation\\Http\\Middleware\\TransformsRequest->handle()
#35 /home/sulthan/Downloads/drive-download-20201020T054305Z-001/sipongi-dev/vendor/laravel/framework/src/Illuminate/Foundation/Http/Middleware/ValidatePostSize.php(27): Illuminate\\Pipeline\\Pipeline->Illuminate\\Pipeline\\{closure}()
#36 /home/sulthan/Downloads/drive-download-20201020T054305Z-001/sipongi-dev/vendor/laravel/framework/src/Illuminate/Pipeline/Pipeline.php(171): Illuminate\\Foundation\\Http\\Middleware\\ValidatePostSize->handle()
#37 /home/sulthan/Downloads/drive-download-20201020T054305Z-001/sipongi-dev/vendor/laravel/framework/src/Illuminate/Foundation/Http/Middleware/CheckForMaintenanceMode.php(63): Illuminate\\Pipeline\\Pipeline->Illuminate\\Pipeline\\{closure}()
#38 /home/sulthan/Downloads/drive-download-20201020T054305Z-001/sipongi-dev/vendor/laravel/framework/src/Illuminate/Pipeline/Pipeline.php(171): Illuminate\\Foundation\\Http\\Middleware\\CheckForMaintenanceMode->handle()
#39 /home/sulthan/Downloads/drive-download-20201020T054305Z-001/sipongi-dev/vendor/fideloper/proxy/src/TrustProxies.php(57): Illuminate\\Pipeline\\Pipeline->Illuminate\\Pipeline\\{closure}()
#40 /home/sulthan/Downloads/drive-download-20201020T054305Z-001/sipongi-dev/vendor/laravel/framework/src/Illuminate/Pipeline/Pipeline.php(171): Fideloper\\Proxy\\TrustProxies->handle()
#41 /home/sulthan/Downloads/drive-download-20201020T054305Z-001/sipongi-dev/vendor/laravel/framework/src/Illuminate/Pipeline/Pipeline.php(105): Illuminate\\Pipeline\\Pipeline->Illuminate\\Pipeline\\{closure}()
#42 /home/sulthan/Downloads/drive-download-20201020T054305Z-001/sipongi-dev/vendor/laravel/framework/src/Illuminate/Foundation/Http/Kernel.php(145): Illuminate\\Pipeline\\Pipeline->then()
#43 /home/sulthan/Downloads/drive-download-20201020T054305Z-001/sipongi-dev/vendor/laravel/framework/src/Illuminate/Foundation/Http/Kernel.php(110): Illuminate\\Foundation\\Http\\Kernel->sendRequestThroughRouter()
#44 /home/sulthan/Downloads/drive-download-20201020T054305Z-001/sipongi-dev/public/index.php(55): Illuminate\\Foundation\\Http\\Kernel->handle()
#45 /home/sulthan/Downloads/drive-download-20201020T054305Z-001/sipongi-dev/server.php(21): require_once('/home/sulthan/D...')
#46 {main}
"} 
[2020-10-22 08:59:31] production.ERROR: Please make sure the PHP Redis extension is installed and enabled. {"exception":"[object] (LogicException(code: 0): Please make sure the PHP Redis extension is installed and enabled. at /home/sulthan/Downloads/drive-download-20201020T054305Z-001/sipongi-dev/vendor/laravel/framework/src/Illuminate/Redis/Connectors/PhpRedisConnector.php:77)
[stacktrace]
#0 /home/sulthan/Downloads/drive-download-20201020T054305Z-001/sipongi-dev/vendor/laravel/framework/src/Illuminate/Support/helpers.php(422): Illuminate\\Redis\\Connectors\\PhpRedisConnector->Illuminate\\Redis\\Connectors\\{closure}()
#1 /home/sulthan/Downloads/drive-download-20201020T054305Z-001/sipongi-dev/vendor/laravel/framework/src/Illuminate/Redis/Connectors/PhpRedisConnector.php(105): tap()
#2 /home/sulthan/Downloads/drive-download-20201020T054305Z-001/sipongi-dev/vendor/laravel/framework/src/Illuminate/Redis/Connectors/PhpRedisConnector.php(28): Illuminate\\Redis\\Connectors\\PhpRedisConnector->createClient()
#3 /home/sulthan/Downloads/drive-download-20201020T054305Z-001/sipongi-dev/vendor/laravel/framework/src/Illuminate/Redis/Connectors/PhpRedisConnector.php(32): Illuminate\\Redis\\Connectors\\PhpRedisConnector->Illuminate\\Redis\\Connectors\\{closure}()
#4 /home/sulthan/Downloads/drive-download-20201020T054305Z-001/sipongi-dev/vendor/laravel/framework/src/Illuminate/Redis/RedisManager.php(110): Illuminate\\Redis\\Connectors\\PhpRedisConnector->connect()
#5 /home/sulthan/Downloads/drive-download-20201020T054305Z-001/sipongi-dev/vendor/laravel/framework/src/Illuminate/Redis/RedisManager.php(90): Illuminate\\Redis\\RedisManager->resolve()
#6 /home/sulthan/Downloads/drive-download-20201020T054305Z-001/sipongi-dev/vendor/laravel/framework/src/Illuminate/Cache/RedisStore.php(242): Illuminate\\Redis\\RedisManager->connection()
#7 /home/sulthan/Downloads/drive-download-20201020T054305Z-001/sipongi-dev/vendor/laravel/framework/src/Illuminate/Cache/RedisStore.php(54): Illuminate\\Cache\\RedisStore->connection()
#8 /home/sulthan/Downloads/drive-download-20201020T054305Z-001/sipongi-dev/vendor/laravel/framework/src/Illuminate/Cache/Repository.php(97): Illuminate\\Cache\\RedisStore->get()
#9 /home/sulthan/Downloads/drive-download-20201020T054305Z-001/sipongi-dev/vendor/laravel/framework/src/Illuminate/Session/CacheBasedSessionHandler.php(58): Illuminate\\Cache\\Repository->get()
#10 /home/sulthan/Downloads/drive-download-20201020T054305Z-001/sipongi-dev/vendor/laravel/framework/src/Illuminate/Session/Store.php(97): Illuminate\\Session\\CacheBasedSessionHandler->read()
#11 /home/sulthan/Downloads/drive-download-20201020T054305Z-001/sipongi-dev/vendor/laravel/framework/src/Illuminate/Session/Store.php(87): Illuminate\\Session\\Store->readFromHandler()
#12 /home/sulthan/Downloads/drive-download-20201020T054305Z-001/sipongi-dev/vendor/laravel/framework/src/Illuminate/Session/Store.php(71): Illuminate\\Session\\Store->loadSession()
#13 /home/sulthan/Downloads/drive-download-20201020T054305Z-001/sipongi-dev/vendor/laravel/framework/src/Illuminate/Session/Middleware/StartSession.php(81): Illuminate\\Session\\Store->start()
#14 /home/sulthan/Downloads/drive-download-20201020T054305Z-001/sipongi-dev/vendor/laravel/framework/src/Illuminate/Support/helpers.php(422): Illuminate\\Session\\Middleware\\StartSession->Illuminate\\Session\\Middleware\\{closure}()
#15 /home/sulthan/Downloads/drive-download-20201020T054305Z-001/sipongi-dev/vendor/laravel/framework/src/Illuminate/Session/Middleware/StartSession.php(82): tap()
#16 /home/sulthan/Downloads/drive-download-20201020T054305Z-001/sipongi-dev/vendor/laravel/framework/src/Illuminate/Session/Middleware/StartSession.php(51): Illuminate\\Session\\Middleware\\StartSession->startSession()
#17 /home/sulthan/Downloads/drive-download-20201020T054305Z-001/sipongi-dev/vendor/laravel/framework/src/Illuminate/Pipeline/Pipeline.php(171): Illuminate\\Session\\Middleware\\StartSession->handle()
#18 /home/sulthan/Downloads/drive-download-20201020T054305Z-001/sipongi-dev/vendor/laravel/framework/src/Illuminate/Cookie/Middleware/AddQueuedCookiesToResponse.php(37): Illuminate\\Pipeline\\Pipeline->Illuminate\\Pipeline\\{closure}()
#19 /home/sulthan/Downloads/drive-download-20201020T054305Z-001/sipongi-dev/vendor/laravel/framework/src/Illuminate/Pipeline/Pipeline.php(171): Illuminate\\Cookie\\Middleware\\AddQueuedCookiesToResponse->handle()
#20 /home/sulthan/Downloads/drive-download-20201020T054305Z-001/sipongi-dev/vendor/laravel/framework/src/Illuminate/Cookie/Middleware/EncryptCookies.php(67): Illuminate\\Pipeline\\Pipeline->Illuminate\\Pipeline\\{closure}()
#21 /home/sulthan/Downloads/drive-download-20201020T054305Z-001/sipongi-dev/vendor/laravel/framework/src/Illuminate/Pipeline/Pipeline.php(171): Illuminate\\Cookie\\Middleware\\EncryptCookies->handle()
#22 /home/sulthan/Downloads/drive-download-20201020T054305Z-001/sipongi-dev/vendor/laravel/framework/src/Illuminate/Pipeline/Pipeline.php(105): Illuminate\\Pipeline\\Pipeline->Illuminate\\Pipeline\\{closure}()
#23 /home/sulthan/Downloads/drive-download-20201020T054305Z-001/sipongi-dev/vendor/laravel/framework/src/Illuminate/Routing/Router.php(683): Illuminate\\Pipeline\\Pipeline->then()
#24 /home/sulthan/Downloads/drive-download-20201020T054305Z-001/sipongi-dev/vendor/laravel/framework/src/Illuminate/Routing/Router.php(658): Illuminate\\Routing\\Router->runRouteWithinStack()
#25 /home/sulthan/Downloads/drive-download-20201020T054305Z-001/sipongi-dev/vendor/laravel/framework/src/Illuminate/Routing/Router.php(624): Illuminate\\Routing\\Router->runRoute()
#26 /home/sulthan/Downloads/drive-download-20201020T054305Z-001/sipongi-dev/vendor/laravel/framework/src/Illuminate/Routing/Router.php(613): Illuminate\\Routing\\Router->dispatchToRoute()
#27 /home/sulthan/Downloads/drive-download-20201020T054305Z-001/sipongi-dev/vendor/laravel/framework/src/Illuminate/Foundation/Http/Kernel.php(170): Illuminate\\Routing\\Router->dispatch()
#28 /home/sulthan/Downloads/drive-download-20201020T054305Z-001/sipongi-dev/vendor/laravel/framework/src/Illuminate/Pipeline/Pipeline.php(130): Illuminate\\Foundation\\Http\\Kernel->Illuminate\\Foundation\\Http\\{closure}()
#29 /home/sulthan/Downloads/drive-download-20201020T054305Z-001/sipongi-dev/vendor/fruitcake/laravel-cors/src/HandleCors.php(57): Illuminate\\Pipeline\\Pipeline->Illuminate\\Pipeline\\{closure}()
#30 /home/sulthan/Downloads/drive-download-20201020T054305Z-001/sipongi-dev/vendor/laravel/framework/src/Illuminate/Pipeline/Pipeline.php(171): Fruitcake\\Cors\\HandleCors->handle()
#31 /home/sulthan/Downloads/drive-download-20201020T054305Z-001/sipongi-dev/vendor/laravel/framework/src/Illuminate/Foundation/Http/Middleware/TransformsRequest.php(21): Illuminate\\Pipeline\\Pipeline->Illuminate\\Pipeline\\{closure}()
#32 /home/sulthan/Downloads/drive-download-20201020T054305Z-001/sipongi-dev/vendor/laravel/framework/src/Illuminate/Pipeline/Pipeline.php(171): Illuminate\\Foundation\\Http\\Middleware\\TransformsRequest->handle()
#33 /home/sulthan/Downloads/drive-download-20201020T054305Z-001/sipongi-dev/vendor/laravel/framework/src/Illuminate/Foundation/Http/Middleware/TransformsRequest.php(21): Illuminate\\Pipeline\\Pipeline->Illuminate\\Pipeline\\{closure}()
#34 /home/sulthan/Downloads/drive-download-20201020T054305Z-001/sipongi-dev/vendor/laravel/framework/src/Illuminate/Pipeline/Pipeline.php(171): Illuminate\\Foundation\\Http\\Middleware\\TransformsRequest->handle()
#35 /home/sulthan/Downloads/drive-download-20201020T054305Z-001/sipongi-dev/vendor/laravel/framework/src/Illuminate/Foundation/Http/Middleware/ValidatePostSize.php(27): Illuminate\\Pipeline\\Pipeline->Illuminate\\Pipeline\\{closure}()
#36 /home/sulthan/Downloads/drive-download-20201020T054305Z-001/sipongi-dev/vendor/laravel/framework/src/Illuminate/Pipeline/Pipeline.php(171): Illuminate\\Foundation\\Http\\Middleware\\ValidatePostSize->handle()
#37 /home/sulthan/Downloads/drive-download-20201020T054305Z-001/sipongi-dev/vendor/laravel/framework/src/Illuminate/Foundation/Http/Middleware/CheckForMaintenanceMode.php(63): Illuminate\\Pipeline\\Pipeline->Illuminate\\Pipeline\\{closure}()
#38 /home/sulthan/Downloads/drive-download-20201020T054305Z-001/sipongi-dev/vendor/laravel/framework/src/Illuminate/Pipeline/Pipeline.php(171): Illuminate\\Foundation\\Http\\Middleware\\CheckForMaintenanceMode->handle()
#39 /home/sulthan/Downloads/drive-download-20201020T054305Z-001/sipongi-dev/vendor/fideloper/proxy/src/TrustProxies.php(57): Illuminate\\Pipeline\\Pipeline->Illuminate\\Pipeline\\{closure}()
#40 /home/sulthan/Downloads/drive-download-20201020T054305Z-001/sipongi-dev/vendor/laravel/framework/src/Illuminate/Pipeline/Pipeline.php(171): Fideloper\\Proxy\\TrustProxies->handle()
#41 /home/sulthan/Downloads/drive-download-20201020T054305Z-001/sipongi-dev/vendor/laravel/framework/src/Illuminate/Pipeline/Pipeline.php(105): Illuminate\\Pipeline\\Pipeline->Illuminate\\Pipeline\\{closure}()
#42 /home/sulthan/Downloads/drive-download-20201020T054305Z-001/sipongi-dev/vendor/laravel/framework/src/Illuminate/Foundation/Http/Kernel.php(145): Illuminate\\Pipeline\\Pipeline->then()
#43 /home/sulthan/Downloads/drive-download-20201020T054305Z-001/sipongi-dev/vendor/laravel/framework/src/Illuminate/Foundation/Http/Kernel.php(110): Illuminate\\Foundation\\Http\\Kernel->sendRequestThroughRouter()
#44 /home/sulthan/Downloads/drive-download-20201020T054305Z-001/sipongi-dev/public/index.php(55): Illuminate\\Foundation\\Http\\Kernel->handle()
#45 /home/sulthan/Downloads/drive-download-20201020T054305Z-001/sipongi-dev/server.php(21): require_once('/home/sulthan/D...')
#46 {main}
"} 
[2020-10-22 09:02:00] production.ERROR: Please make sure the PHP Redis extension is installed and enabled. {"exception":"[object] (LogicException(code: 0): Please make sure the PHP Redis extension is installed and enabled. at /home/sulthan/Downloads/drive-download-20201020T054305Z-001/sipongi-dev/vendor/laravel/framework/src/Illuminate/Redis/Connectors/PhpRedisConnector.php:77)
[stacktrace]
#0 /home/sulthan/Downloads/drive-download-20201020T054305Z-001/sipongi-dev/vendor/laravel/framework/src/Illuminate/Support/helpers.php(422): Illuminate\\Redis\\Connectors\\PhpRedisConnector->Illuminate\\Redis\\Connectors\\{closure}()
#1 /home/sulthan/Downloads/drive-download-20201020T054305Z-001/sipongi-dev/vendor/laravel/framework/src/Illuminate/Redis/Connectors/PhpRedisConnector.php(105): tap()
#2 /home/sulthan/Downloads/drive-download-20201020T054305Z-001/sipongi-dev/vendor/laravel/framework/src/Illuminate/Redis/Connectors/PhpRedisConnector.php(28): Illuminate\\Redis\\Connectors\\PhpRedisConnector->createClient()
#3 /home/sulthan/Downloads/drive-download-20201020T054305Z-001/sipongi-dev/vendor/laravel/framework/src/Illuminate/Redis/Connectors/PhpRedisConnector.php(32): Illuminate\\Redis\\Connectors\\PhpRedisConnector->Illuminate\\Redis\\Connectors\\{closure}()
#4 /home/sulthan/Downloads/drive-download-20201020T054305Z-001/sipongi-dev/vendor/laravel/framework/src/Illuminate/Redis/RedisManager.php(110): Illuminate\\Redis\\Connectors\\PhpRedisConnector->connect()
#5 /home/sulthan/Downloads/drive-download-20201020T054305Z-001/sipongi-dev/vendor/laravel/framework/src/Illuminate/Redis/RedisManager.php(90): Illuminate\\Redis\\RedisManager->resolve()
#6 /home/sulthan/Downloads/drive-download-20201020T054305Z-001/sipongi-dev/vendor/laravel/framework/src/Illuminate/Cache/RedisStore.php(242): Illuminate\\Redis\\RedisManager->connection()
#7 /home/sulthan/Downloads/drive-download-20201020T054305Z-001/sipongi-dev/vendor/laravel/framework/src/Illuminate/Cache/RedisStore.php(54): Illuminate\\Cache\\RedisStore->connection()
#8 /home/sulthan/Downloads/drive-download-20201020T054305Z-001/sipongi-dev/vendor/laravel/framework/src/Illuminate/Cache/Repository.php(97): Illuminate\\Cache\\RedisStore->get()
#9 /home/sulthan/Downloads/drive-download-20201020T054305Z-001/sipongi-dev/vendor/laravel/framework/src/Illuminate/Session/CacheBasedSessionHandler.php(58): Illuminate\\Cache\\Repository->get()
#10 /home/sulthan/Downloads/drive-download-20201020T054305Z-001/sipongi-dev/vendor/laravel/framework/src/Illuminate/Session/Store.php(97): Illuminate\\Session\\CacheBasedSessionHandler->read()
#11 /home/sulthan/Downloads/drive-download-20201020T054305Z-001/sipongi-dev/vendor/laravel/framework/src/Illuminate/Session/Store.php(87): Illuminate\\Session\\Store->readFromHandler()
#12 /home/sulthan/Downloads/drive-download-20201020T054305Z-001/sipongi-dev/vendor/laravel/framework/src/Illuminate/Session/Store.php(71): Illuminate\\Session\\Store->loadSession()
#13 /home/sulthan/Downloads/drive-download-20201020T054305Z-001/sipongi-dev/vendor/laravel/framework/src/Illuminate/Session/Middleware/StartSession.php(81): Illuminate\\Session\\Store->start()
#14 /home/sulthan/Downloads/drive-download-20201020T054305Z-001/sipongi-dev/vendor/laravel/framework/src/Illuminate/Support/helpers.php(422): Illuminate\\Session\\Middleware\\StartSession->Illuminate\\Session\\Middleware\\{closure}()
#15 /home/sulthan/Downloads/drive-download-20201020T054305Z-001/sipongi-dev/vendor/laravel/framework/src/Illuminate/Session/Middleware/StartSession.php(82): tap()
#16 /home/sulthan/Downloads/drive-download-20201020T054305Z-001/sipongi-dev/vendor/laravel/framework/src/Illuminate/Session/Middleware/StartSession.php(51): Illuminate\\Session\\Middleware\\StartSession->startSession()
#17 /home/sulthan/Downloads/drive-download-20201020T054305Z-001/sipongi-dev/vendor/laravel/framework/src/Illuminate/Pipeline/Pipeline.php(171): Illuminate\\Session\\Middleware\\StartSession->handle()
#18 /home/sulthan/Downloads/drive-download-20201020T054305Z-001/sipongi-dev/vendor/laravel/framework/src/Illuminate/Cookie/Middleware/AddQueuedCookiesToResponse.php(37): Illuminate\\Pipeline\\Pipeline->Illuminate\\Pipeline\\{closure}()
#19 /home/sulthan/Downloads/drive-download-20201020T054305Z-001/sipongi-dev/vendor/laravel/framework/src/Illuminate/Pipeline/Pipeline.php(171): Illuminate\\Cookie\\Middleware\\AddQueuedCookiesToResponse->handle()
#20 /home/sulthan/Downloads/drive-download-20201020T054305Z-001/sipongi-dev/vendor/laravel/framework/src/Illuminate/Cookie/Middleware/EncryptCookies.php(67): Illuminate\\Pipeline\\Pipeline->Illuminate\\Pipeline\\{closure}()
#21 /home/sulthan/Downloads/drive-download-20201020T054305Z-001/sipongi-dev/vendor/laravel/framework/src/Illuminate/Pipeline/Pipeline.php(171): Illuminate\\Cookie\\Middleware\\EncryptCookies->handle()
#22 /home/sulthan/Downloads/drive-download-20201020T054305Z-001/sipongi-dev/vendor/laravel/framework/src/Illuminate/Pipeline/Pipeline.php(105): Illuminate\\Pipeline\\Pipeline->Illuminate\\Pipeline\\{closure}()
#23 /home/sulthan/Downloads/drive-download-20201020T054305Z-001/sipongi-dev/vendor/laravel/framework/src/Illuminate/Routing/Router.php(683): Illuminate\\Pipeline\\Pipeline->then()
#24 /home/sulthan/Downloads/drive-download-20201020T054305Z-001/sipongi-dev/vendor/laravel/framework/src/Illuminate/Routing/Router.php(658): Illuminate\\Routing\\Router->runRouteWithinStack()
#25 /home/sulthan/Downloads/drive-download-20201020T054305Z-001/sipongi-dev/vendor/laravel/framework/src/Illuminate/Routing/Router.php(624): Illuminate\\Routing\\Router->runRoute()
#26 /home/sulthan/Downloads/drive-download-20201020T054305Z-001/sipongi-dev/vendor/laravel/framework/src/Illuminate/Routing/Router.php(613): Illuminate\\Routing\\Router->dispatchToRoute()
#27 /home/sulthan/Downloads/drive-download-20201020T054305Z-001/sipongi-dev/vendor/laravel/framework/src/Illuminate/Foundation/Http/Kernel.php(170): Illuminate\\Routing\\Router->dispatch()
#28 /home/sulthan/Downloads/drive-download-20201020T054305Z-001/sipongi-dev/vendor/laravel/framework/src/Illuminate/Pipeline/Pipeline.php(130): Illuminate\\Foundation\\Http\\Kernel->Illuminate\\Foundation\\Http\\{closure}()
#29 /home/sulthan/Downloads/drive-download-20201020T054305Z-001/sipongi-dev/vendor/fruitcake/laravel-cors/src/HandleCors.php(57): Illuminate\\Pipeline\\Pipeline->Illuminate\\Pipeline\\{closure}()
#30 /home/sulthan/Downloads/drive-download-20201020T054305Z-001/sipongi-dev/vendor/laravel/framework/src/Illuminate/Pipeline/Pipeline.php(171): Fruitcake\\Cors\\HandleCors->handle()
#31 /home/sulthan/Downloads/drive-download-20201020T054305Z-001/sipongi-dev/vendor/laravel/framework/src/Illuminate/Foundation/Http/Middleware/TransformsRequest.php(21): Illuminate\\Pipeline\\Pipeline->Illuminate\\Pipeline\\{closure}()
#32 /home/sulthan/Downloads/drive-download-20201020T054305Z-001/sipongi-dev/vendor/laravel/framework/src/Illuminate/Pipeline/Pipeline.php(171): Illuminate\\Foundation\\Http\\Middleware\\TransformsRequest->handle()
#33 /home/sulthan/Downloads/drive-download-20201020T054305Z-001/sipongi-dev/vendor/laravel/framework/src/Illuminate/Foundation/Http/Middleware/TransformsRequest.php(21): Illuminate\\Pipeline\\Pipeline->Illuminate\\Pipeline\\{closure}()
#34 /home/sulthan/Downloads/drive-download-20201020T054305Z-001/sipongi-dev/vendor/laravel/framework/src/Illuminate/Pipeline/Pipeline.php(171): Illuminate\\Foundation\\Http\\Middleware\\TransformsRequest->handle()
#35 /home/sulthan/Downloads/drive-download-20201020T054305Z-001/sipongi-dev/vendor/laravel/framework/src/Illuminate/Foundation/Http/Middleware/ValidatePostSize.php(27): Illuminate\\Pipeline\\Pipeline->Illuminate\\Pipeline\\{closure}()
#36 /home/sulthan/Downloads/drive-download-20201020T054305Z-001/sipongi-dev/vendor/laravel/framework/src/Illuminate/Pipeline/Pipeline.php(171): Illuminate\\Foundation\\Http\\Middleware\\ValidatePostSize->handle()
#37 /home/sulthan/Downloads/drive-download-20201020T054305Z-001/sipongi-dev/vendor/laravel/framework/src/Illuminate/Foundation/Http/Middleware/CheckForMaintenanceMode.php(63): Illuminate\\Pipeline\\Pipeline->Illuminate\\Pipeline\\{closure}()
#38 /home/sulthan/Downloads/drive-download-20201020T054305Z-001/sipongi-dev/vendor/laravel/framework/src/Illuminate/Pipeline/Pipeline.php(171): Illuminate\\Foundation\\Http\\Middleware\\CheckForMaintenanceMode->handle()
#39 /home/sulthan/Downloads/drive-download-20201020T054305Z-001/sipongi-dev/vendor/fideloper/proxy/src/TrustProxies.php(57): Illuminate\\Pipeline\\Pipeline->Illuminate\\Pipeline\\{closure}()
#40 /home/sulthan/Downloads/drive-download-20201020T054305Z-001/sipongi-dev/vendor/laravel/framework/src/Illuminate/Pipeline/Pipeline.php(171): Fideloper\\Proxy\\TrustProxies->handle()
#41 /home/sulthan/Downloads/drive-download-20201020T054305Z-001/sipongi-dev/vendor/laravel/framework/src/Illuminate/Pipeline/Pipeline.php(105): Illuminate\\Pipeline\\Pipeline->Illuminate\\Pipeline\\{closure}()
#42 /home/sulthan/Downloads/drive-download-20201020T054305Z-001/sipongi-dev/vendor/laravel/framework/src/Illuminate/Foundation/Http/Kernel.php(145): Illuminate\\Pipeline\\Pipeline->then()
#43 /home/sulthan/Downloads/drive-download-20201020T054305Z-001/sipongi-dev/vendor/laravel/framework/src/Illuminate/Foundation/Http/Kernel.php(110): Illuminate\\Foundation\\Http\\Kernel->sendRequestThroughRouter()
#44 /home/sulthan/Downloads/drive-download-20201020T054305Z-001/sipongi-dev/public/index.php(55): Illuminate\\Foundation\\Http\\Kernel->handle()
#45 /home/sulthan/Downloads/drive-download-20201020T054305Z-001/sipongi-dev/server.php(21): require_once('/home/sulthan/D...')
#46 {main}
"} 
[2020-10-22 09:02:07] production.ERROR: Please make sure the PHP Redis extension is installed and enabled. {"exception":"[object] (LogicException(code: 0): Please make sure the PHP Redis extension is installed and enabled. at /home/sulthan/Downloads/drive-download-20201020T054305Z-001/sipongi-dev/vendor/laravel/framework/src/Illuminate/Redis/Connectors/PhpRedisConnector.php:77)
[stacktrace]
#0 /home/sulthan/Downloads/drive-download-20201020T054305Z-001/sipongi-dev/vendor/laravel/framework/src/Illuminate/Support/helpers.php(422): Illuminate\\Redis\\Connectors\\PhpRedisConnector->Illuminate\\Redis\\Connectors\\{closure}()
#1 /home/sulthan/Downloads/drive-download-20201020T054305Z-001/sipongi-dev/vendor/laravel/framework/src/Illuminate/Redis/Connectors/PhpRedisConnector.php(105): tap()
#2 /home/sulthan/Downloads/drive-download-20201020T054305Z-001/sipongi-dev/vendor/laravel/framework/src/Illuminate/Redis/Connectors/PhpRedisConnector.php(28): Illuminate\\Redis\\Connectors\\PhpRedisConnector->createClient()
#3 /home/sulthan/Downloads/drive-download-20201020T054305Z-001/sipongi-dev/vendor/laravel/framework/src/Illuminate/Redis/Connectors/PhpRedisConnector.php(32): Illuminate\\Redis\\Connectors\\PhpRedisConnector->Illuminate\\Redis\\Connectors\\{closure}()
#4 /home/sulthan/Downloads/drive-download-20201020T054305Z-001/sipongi-dev/vendor/laravel/framework/src/Illuminate/Redis/RedisManager.php(110): Illuminate\\Redis\\Connectors\\PhpRedisConnector->connect()
#5 /home/sulthan/Downloads/drive-download-20201020T054305Z-001/sipongi-dev/vendor/laravel/framework/src/Illuminate/Redis/RedisManager.php(90): Illuminate\\Redis\\RedisManager->resolve()
#6 /home/sulthan/Downloads/drive-download-20201020T054305Z-001/sipongi-dev/vendor/laravel/framework/src/Illuminate/Cache/RedisStore.php(242): Illuminate\\Redis\\RedisManager->connection()
#7 /home/sulthan/Downloads/drive-download-20201020T054305Z-001/sipongi-dev/vendor/laravel/framework/src/Illuminate/Cache/RedisStore.php(54): Illuminate\\Cache\\RedisStore->connection()
#8 /home/sulthan/Downloads/drive-download-20201020T054305Z-001/sipongi-dev/vendor/laravel/framework/src/Illuminate/Cache/Repository.php(97): Illuminate\\Cache\\RedisStore->get()
#9 /home/sulthan/Downloads/drive-download-20201020T054305Z-001/sipongi-dev/vendor/laravel/framework/src/Illuminate/Session/CacheBasedSessionHandler.php(58): Illuminate\\Cache\\Repository->get()
#10 /home/sulthan/Downloads/drive-download-20201020T054305Z-001/sipongi-dev/vendor/laravel/framework/src/Illuminate/Session/Store.php(97): Illuminate\\Session\\CacheBasedSessionHandler->read()
#11 /home/sulthan/Downloads/drive-download-20201020T054305Z-001/sipongi-dev/vendor/laravel/framework/src/Illuminate/Session/Store.php(87): Illuminate\\Session\\Store->readFromHandler()
#12 /home/sulthan/Downloads/drive-download-20201020T054305Z-001/sipongi-dev/vendor/laravel/framework/src/Illuminate/Session/Store.php(71): Illuminate\\Session\\Store->loadSession()
#13 /home/sulthan/Downloads/drive-download-20201020T054305Z-001/sipongi-dev/vendor/laravel/framework/src/Illuminate/Session/Middleware/StartSession.php(81): Illuminate\\Session\\Store->start()
#14 /home/sulthan/Downloads/drive-download-20201020T054305Z-001/sipongi-dev/vendor/laravel/framework/src/Illuminate/Support/helpers.php(422): Illuminate\\Session\\Middleware\\StartSession->Illuminate\\Session\\Middleware\\{closure}()
#15 /home/sulthan/Downloads/drive-download-20201020T054305Z-001/sipongi-dev/vendor/laravel/framework/src/Illuminate/Session/Middleware/StartSession.php(82): tap()
#16 /home/sulthan/Downloads/drive-download-20201020T054305Z-001/sipongi-dev/vendor/laravel/framework/src/Illuminate/Session/Middleware/StartSession.php(51): Illuminate\\Session\\Middleware\\StartSession->startSession()
#17 /home/sulthan/Downloads/drive-download-20201020T054305Z-001/sipongi-dev/vendor/laravel/framework/src/Illuminate/Pipeline/Pipeline.php(171): Illuminate\\Session\\Middleware\\StartSession->handle()
#18 /home/sulthan/Downloads/drive-download-20201020T054305Z-001/sipongi-dev/vendor/laravel/framework/src/Illuminate/Cookie/Middleware/AddQueuedCookiesToResponse.php(37): Illuminate\\Pipeline\\Pipeline->Illuminate\\Pipeline\\{closure}()
#19 /home/sulthan/Downloads/drive-download-20201020T054305Z-001/sipongi-dev/vendor/laravel/framework/src/Illuminate/Pipeline/Pipeline.php(171): Illuminate\\Cookie\\Middleware\\AddQueuedCookiesToResponse->handle()
#20 /home/sulthan/Downloads/drive-download-20201020T054305Z-001/sipongi-dev/vendor/laravel/framework/src/Illuminate/Cookie/Middleware/EncryptCookies.php(67): Illuminate\\Pipeline\\Pipeline->Illuminate\\Pipeline\\{closure}()
#21 /home/sulthan/Downloads/drive-download-20201020T054305Z-001/sipongi-dev/vendor/laravel/framework/src/Illuminate/Pipeline/Pipeline.php(171): Illuminate\\Cookie\\Middleware\\EncryptCookies->handle()
#22 /home/sulthan/Downloads/drive-download-20201020T054305Z-001/sipongi-dev/vendor/laravel/framework/src/Illuminate/Pipeline/Pipeline.php(105): Illuminate\\Pipeline\\Pipeline->Illuminate\\Pipeline\\{closure}()
#23 /home/sulthan/Downloads/drive-download-20201020T054305Z-001/sipongi-dev/vendor/laravel/framework/src/Illuminate/Routing/Router.php(683): Illuminate\\Pipeline\\Pipeline->then()
#24 /home/sulthan/Downloads/drive-download-20201020T054305Z-001/sipongi-dev/vendor/laravel/framework/src/Illuminate/Routing/Router.php(658): Illuminate\\Routing\\Router->runRouteWithinStack()
#25 /home/sulthan/Downloads/drive-download-20201020T054305Z-001/sipongi-dev/vendor/laravel/framework/src/Illuminate/Routing/Router.php(624): Illuminate\\Routing\\Router->runRoute()
#26 /home/sulthan/Downloads/drive-download-20201020T054305Z-001/sipongi-dev/vendor/laravel/framework/src/Illuminate/Routing/Router.php(613): Illuminate\\Routing\\Router->dispatchToRoute()
#27 /home/sulthan/Downloads/drive-download-20201020T054305Z-001/sipongi-dev/vendor/laravel/framework/src/Illuminate/Foundation/Http/Kernel.php(170): Illuminate\\Routing\\Router->dispatch()
#28 /home/sulthan/Downloads/drive-download-20201020T054305Z-001/sipongi-dev/vendor/laravel/framework/src/Illuminate/Pipeline/Pipeline.php(130): Illuminate\\Foundation\\Http\\Kernel->Illuminate\\Foundation\\Http\\{closure}()
#29 /home/sulthan/Downloads/drive-download-20201020T054305Z-001/sipongi-dev/vendor/fruitcake/laravel-cors/src/HandleCors.php(57): Illuminate\\Pipeline\\Pipeline->Illuminate\\Pipeline\\{closure}()
#30 /home/sulthan/Downloads/drive-download-20201020T054305Z-001/sipongi-dev/vendor/laravel/framework/src/Illuminate/Pipeline/Pipeline.php(171): Fruitcake\\Cors\\HandleCors->handle()
#31 /home/sulthan/Downloads/drive-download-20201020T054305Z-001/sipongi-dev/vendor/laravel/framework/src/Illuminate/Foundation/Http/Middleware/TransformsRequest.php(21): Illuminate\\Pipeline\\Pipeline->Illuminate\\Pipeline\\{closure}()
#32 /home/sulthan/Downloads/drive-download-20201020T054305Z-001/sipongi-dev/vendor/laravel/framework/src/Illuminate/Pipeline/Pipeline.php(171): Illuminate\\Foundation\\Http\\Middleware\\TransformsRequest->handle()
#33 /home/sulthan/Downloads/drive-download-20201020T054305Z-001/sipongi-dev/vendor/laravel/framework/src/Illuminate/Foundation/Http/Middleware/TransformsRequest.php(21): Illuminate\\Pipeline\\Pipeline->Illuminate\\Pipeline\\{closure}()
#34 /home/sulthan/Downloads/drive-download-20201020T054305Z-001/sipongi-dev/vendor/laravel/framework/src/Illuminate/Pipeline/Pipeline.php(171): Illuminate\\Foundation\\Http\\Middleware\\TransformsRequest->handle()
#35 /home/sulthan/Downloads/drive-download-20201020T054305Z-001/sipongi-dev/vendor/laravel/framework/src/Illuminate/Foundation/Http/Middleware/ValidatePostSize.php(27): Illuminate\\Pipeline\\Pipeline->Illuminate\\Pipeline\\{closure}()
#36 /home/sulthan/Downloads/drive-download-20201020T054305Z-001/sipongi-dev/vendor/laravel/framework/src/Illuminate/Pipeline/Pipeline.php(171): Illuminate\\Foundation\\Http\\Middleware\\ValidatePostSize->handle()
#37 /home/sulthan/Downloads/drive-download-20201020T054305Z-001/sipongi-dev/vendor/laravel/framework/src/Illuminate/Foundation/Http/Middleware/CheckForMaintenanceMode.php(63): Illuminate\\Pipeline\\Pipeline->Illuminate\\Pipeline\\{closure}()
#38 /home/sulthan/Downloads/drive-download-20201020T054305Z-001/sipongi-dev/vendor/laravel/framework/src/Illuminate/Pipeline/Pipeline.php(171): Illuminate\\Foundation\\Http\\Middleware\\CheckForMaintenanceMode->handle()
#39 /home/sulthan/Downloads/drive-download-20201020T054305Z-001/sipongi-dev/vendor/fideloper/proxy/src/TrustProxies.php(57): Illuminate\\Pipeline\\Pipeline->Illuminate\\Pipeline\\{closure}()
#40 /home/sulthan/Downloads/drive-download-20201020T054305Z-001/sipongi-dev/vendor/laravel/framework/src/Illuminate/Pipeline/Pipeline.php(171): Fideloper\\Proxy\\TrustProxies->handle()
#41 /home/sulthan/Downloads/drive-download-20201020T054305Z-001/sipongi-dev/vendor/laravel/framework/src/Illuminate/Pipeline/Pipeline.php(105): Illuminate\\Pipeline\\Pipeline->Illuminate\\Pipeline\\{closure}()
#42 /home/sulthan/Downloads/drive-download-20201020T054305Z-001/sipongi-dev/vendor/laravel/framework/src/Illuminate/Foundation/Http/Kernel.php(145): Illuminate\\Pipeline\\Pipeline->then()
#43 /home/sulthan/Downloads/drive-download-20201020T054305Z-001/sipongi-dev/vendor/laravel/framework/src/Illuminate/Foundation/Http/Kernel.php(110): Illuminate\\Foundation\\Http\\Kernel->sendRequestThroughRouter()
#44 /home/sulthan/Downloads/drive-download-20201020T054305Z-001/sipongi-dev/public/index.php(55): Illuminate\\Foundation\\Http\\Kernel->handle()
#45 /home/sulthan/Downloads/drive-download-20201020T054305Z-001/sipongi-dev/server.php(21): require_once('/home/sulthan/D...')
#46 {main}
"} 
[2020-10-22 20:02:36] production.ERROR: Command "install" is not defined.

Did you mean one of these?
    horizon:install
    migrate:install
    passport:install {"exception":"[object] (Symfony\\Component\\Console\\Exception\\CommandNotFoundException(code: 0): Command \"install\" is not defined.

Did you mean one of these?
    horizon:install
    migrate:install
    passport:install at /home/sulthan/Downloads/drive-download-20201020T054305Z-001/sipongi-dev/vendor/symfony/console/Application.php:676)
[stacktrace]
#0 /home/sulthan/Downloads/drive-download-20201020T054305Z-001/sipongi-dev/vendor/symfony/console/Application.php(237): Symfony\\Component\\Console\\Application->find()
#1 /home/sulthan/Downloads/drive-download-20201020T054305Z-001/sipongi-dev/vendor/symfony/console/Application.php(149): Symfony\\Component\\Console\\Application->doRun()
#2 /home/sulthan/Downloads/drive-download-20201020T054305Z-001/sipongi-dev/vendor/laravel/framework/src/Illuminate/Console/Application.php(93): Symfony\\Component\\Console\\Application->run()
#3 /home/sulthan/Downloads/drive-download-20201020T054305Z-001/sipongi-dev/vendor/laravel/framework/src/Illuminate/Foundation/Console/Kernel.php(131): Illuminate\\Console\\Application->run()
#4 /home/sulthan/Downloads/drive-download-20201020T054305Z-001/sipongi-dev/artisan(37): Illuminate\\Foundation\\Console\\Kernel->handle()
#5 {main}
"} 
