[2020-10-18 11:04:02] production.ERROR: The resource owner or authorization server denied the request. {"exception":"[object] (League\\OAuth2\\Server\\Exception\\OAuthServerException(code: 9): The resource owner or authorization server denied the request. at /var/www/html/sipongi-dev/vendor/league/oauth2-server/src/Exception/OAuthServerException.php:243)
[stacktrace]
#0 /var/www/html/sipongi-dev/vendor/league/oauth2-server/src/AuthorizationValidators/BearerTokenValidator.php(84): League\\OAuth2\\Server\\Exception\\OAuthServerException::accessDenied()
#1 /var/www/html/sipongi-dev/vendor/league/oauth2-server/src/ResourceServer.php(84): League\\OAuth2\\Server\\AuthorizationValidators\\BearerTokenValidator->validateAuthorization()
#2 /var/www/html/sipongi-dev/vendor/laravel/passport/src/Guards/TokenGuard.php(207): League\\OAuth2\\Server\\ResourceServer->validateAuthenticatedRequest()
#3 /var/www/html/sipongi-dev/vendor/laravel/passport/src/Guards/TokenGuard.php(150): Laravel\\Passport\\Guards\\TokenGuard->getPsrRequestViaBearerToken()
#4 /var/www/html/sipongi-dev/vendor/laravel/passport/src/Guards/TokenGuard.php(113): Laravel\\Passport\\Guards\\TokenGuard->authenticateViaBearerToken()
#5 /var/www/html/sipongi-dev/vendor/laravel/passport/src/PassportServiceProvider.php(286): Laravel\\Passport\\Guards\\TokenGuard->user()
#6 [internal function]: Laravel\\Passport\\PassportServiceProvider->Laravel\\Passport\\{closure}()
#7 /var/www/html/sipongi-dev/vendor/laravel/framework/src/Illuminate/Auth/RequestGuard.php(58): call_user_func()
#8 /var/www/html/sipongi-dev/vendor/laravel/framework/src/Illuminate/Auth/GuardHelpers.php(60): Illuminate\\Auth\\RequestGuard->user()
#9 /var/www/html/sipongi-dev/vendor/laravel/framework/src/Illuminate/Auth/Middleware/Authenticate.php(62): Illuminate\\Auth\\RequestGuard->check()
#10 /var/www/html/sipongi-dev/app/Http/Middleware/Authenticate.php(32): Illuminate\\Auth\\Middleware\\Authenticate->authenticate()
#11 /var/www/html/sipongi-dev/vendor/laravel/framework/src/Illuminate/Pipeline/Pipeline.php(171): App\\Http\\Middleware\\Authenticate->handle()
#12 /var/www/html/sipongi-dev/vendor/laravel/framework/src/Illuminate/Pipeline/Pipeline.php(105): Illuminate\\Pipeline\\Pipeline->Illuminate\\Pipeline\\{closure}()
#13 /var/www/html/sipongi-dev/vendor/laravel/framework/src/Illuminate/Routing/Router.php(683): Illuminate\\Pipeline\\Pipeline->then()
#14 /var/www/html/sipongi-dev/vendor/laravel/framework/src/Illuminate/Routing/Router.php(658): Illuminate\\Routing\\Router->runRouteWithinStack()
#15 /var/www/html/sipongi-dev/vendor/laravel/framework/src/Illuminate/Routing/Router.php(624): Illuminate\\Routing\\Router->runRoute()
#16 /var/www/html/sipongi-dev/vendor/laravel/framework/src/Illuminate/Routing/Router.php(613): Illuminate\\Routing\\Router->dispatchToRoute()
#17 /var/www/html/sipongi-dev/vendor/laravel/framework/src/Illuminate/Foundation/Http/Kernel.php(170): Illuminate\\Routing\\Router->dispatch()
#18 /var/www/html/sipongi-dev/vendor/laravel/framework/src/Illuminate/Pipeline/Pipeline.php(130): Illuminate\\Foundation\\Http\\Kernel->Illuminate\\Foundation\\Http\\{closure}()
#19 /var/www/html/sipongi-dev/vendor/fruitcake/laravel-cors/src/HandleCors.php(57): Illuminate\\Pipeline\\Pipeline->Illuminate\\Pipeline\\{closure}()
#20 /var/www/html/sipongi-dev/vendor/laravel/framework/src/Illuminate/Pipeline/Pipeline.php(171): Fruitcake\\Cors\\HandleCors->handle()
#21 /var/www/html/sipongi-dev/vendor/laravel/framework/src/Illuminate/Foundation/Http/Middleware/TransformsRequest.php(21): Illuminate\\Pipeline\\Pipeline->Illuminate\\Pipeline\\{closure}()
#22 /var/www/html/sipongi-dev/vendor/laravel/framework/src/Illuminate/Pipeline/Pipeline.php(171): Illuminate\\Foundation\\Http\\Middleware\\TransformsRequest->handle()
#23 /var/www/html/sipongi-dev/vendor/laravel/framework/src/Illuminate/Foundation/Http/Middleware/TransformsRequest.php(21): Illuminate\\Pipeline\\Pipeline->Illuminate\\Pipeline\\{closure}()
#24 /var/www/html/sipongi-dev/vendor/laravel/framework/src/Illuminate/Pipeline/Pipeline.php(171): Illuminate\\Foundation\\Http\\Middleware\\TransformsRequest->handle()
#25 /var/www/html/sipongi-dev/vendor/laravel/framework/src/Illuminate/Foundation/Http/Middleware/ValidatePostSize.php(27): Illuminate\\Pipeline\\Pipeline->Illuminate\\Pipeline\\{closure}()
#26 /var/www/html/sipongi-dev/vendor/laravel/framework/src/Illuminate/Pipeline/Pipeline.php(171): Illuminate\\Foundation\\Http\\Middleware\\ValidatePostSize->handle()
#27 /var/www/html/sipongi-dev/vendor/laravel/framework/src/Illuminate/Foundation/Http/Middleware/CheckForMaintenanceMode.php(63): Illuminate\\Pipeline\\Pipeline->Illuminate\\Pipeline\\{closure}()
#28 /var/www/html/sipongi-dev/vendor/laravel/framework/src/Illuminate/Pipeline/Pipeline.php(171): Illuminate\\Foundation\\Http\\Middleware\\CheckForMaintenanceMode->handle()
#29 /var/www/html/sipongi-dev/vendor/fideloper/proxy/src/TrustProxies.php(57): Illuminate\\Pipeline\\Pipeline->Illuminate\\Pipeline\\{closure}()
#30 /var/www/html/sipongi-dev/vendor/laravel/framework/src/Illuminate/Pipeline/Pipeline.php(171): Fideloper\\Proxy\\TrustProxies->handle()
#31 /var/www/html/sipongi-dev/vendor/laravel/framework/src/Illuminate/Pipeline/Pipeline.php(105): Illuminate\\Pipeline\\Pipeline->Illuminate\\Pipeline\\{closure}()
#32 /var/www/html/sipongi-dev/vendor/laravel/framework/src/Illuminate/Foundation/Http/Kernel.php(145): Illuminate\\Pipeline\\Pipeline->then()
#33 /var/www/html/sipongi-dev/vendor/laravel/framework/src/Illuminate/Foundation/Http/Kernel.php(110): Illuminate\\Foundation\\Http\\Kernel->sendRequestThroughRouter()
#34 /var/www/html/sipongi-dev/public/index.php(55): Illuminate\\Foundation\\Http\\Kernel->handle()
#35 {main}
"} 
[2020-10-18 11:04:02] production.ERROR: The resource owner or authorization server denied the request. {"exception":"[object] (League\\OAuth2\\Server\\Exception\\OAuthServerException(code: 9): The resource owner or authorization server denied the request. at /var/www/html/sipongi-dev/vendor/league/oauth2-server/src/Exception/OAuthServerException.php:243)
[stacktrace]
#0 /var/www/html/sipongi-dev/vendor/league/oauth2-server/src/AuthorizationValidators/BearerTokenValidator.php(84): League\\OAuth2\\Server\\Exception\\OAuthServerException::accessDenied()
#1 /var/www/html/sipongi-dev/vendor/league/oauth2-server/src/ResourceServer.php(84): League\\OAuth2\\Server\\AuthorizationValidators\\BearerTokenValidator->validateAuthorization()
#2 /var/www/html/sipongi-dev/vendor/laravel/passport/src/Guards/TokenGuard.php(207): League\\OAuth2\\Server\\ResourceServer->validateAuthenticatedRequest()
#3 /var/www/html/sipongi-dev/vendor/laravel/passport/src/Guards/TokenGuard.php(150): Laravel\\Passport\\Guards\\TokenGuard->getPsrRequestViaBearerToken()
#4 /var/www/html/sipongi-dev/vendor/laravel/passport/src/Guards/TokenGuard.php(113): Laravel\\Passport\\Guards\\TokenGuard->authenticateViaBearerToken()
#5 /var/www/html/sipongi-dev/vendor/laravel/passport/src/PassportServiceProvider.php(286): Laravel\\Passport\\Guards\\TokenGuard->user()
#6 [internal function]: Laravel\\Passport\\PassportServiceProvider->Laravel\\Passport\\{closure}()
#7 /var/www/html/sipongi-dev/vendor/laravel/framework/src/Illuminate/Auth/RequestGuard.php(58): call_user_func()
#8 /var/www/html/sipongi-dev/vendor/laravel/framework/src/Illuminate/Auth/AuthManager.php(54): Illuminate\\Auth\\RequestGuard->user()
#9 [internal function]: Illuminate\\Auth\\AuthManager->Illuminate\\Auth\\{closure}()
#10 /var/www/html/sipongi-dev/vendor/laravel/framework/src/Illuminate/Auth/AuthServiceProvider.php(106): call_user_func()
#11 [internal function]: Illuminate\\Auth\\AuthServiceProvider->Illuminate\\Auth\\{closure}()
#12 /var/www/html/sipongi-dev/vendor/laravel/framework/src/Illuminate/Http/Request.php(522): call_user_func()
#13 /var/www/html/sipongi-dev/app/Http/Middleware/CustomThrottleRequests.php(48): Illuminate\\Http\\Request->user()
#14 /var/www/html/sipongi-dev/app/Http/Middleware/CustomThrottleRequests.php(19): App\\Http\\Middleware\\CustomThrottleRequests->resolveRequestSignature()
#15 /var/www/html/sipongi-dev/vendor/laravel/framework/src/Illuminate/Pipeline/Pipeline.php(171): App\\Http\\Middleware\\CustomThrottleRequests->handle()
#16 /var/www/html/sipongi-dev/vendor/laravel/framework/src/Illuminate/Pipeline/Pipeline.php(105): Illuminate\\Pipeline\\Pipeline->Illuminate\\Pipeline\\{closure}()
#17 /var/www/html/sipongi-dev/vendor/laravel/framework/src/Illuminate/Routing/Router.php(683): Illuminate\\Pipeline\\Pipeline->then()
#18 /var/www/html/sipongi-dev/vendor/laravel/framework/src/Illuminate/Routing/Router.php(658): Illuminate\\Routing\\Router->runRouteWithinStack()
#19 /var/www/html/sipongi-dev/vendor/laravel/framework/src/Illuminate/Routing/Router.php(624): Illuminate\\Routing\\Router->runRoute()
#20 /var/www/html/sipongi-dev/vendor/laravel/framework/src/Illuminate/Routing/Router.php(613): Illuminate\\Routing\\Router->dispatchToRoute()
#21 /var/www/html/sipongi-dev/vendor/laravel/framework/src/Illuminate/Foundation/Http/Kernel.php(170): Illuminate\\Routing\\Router->dispatch()
#22 /var/www/html/sipongi-dev/vendor/laravel/framework/src/Illuminate/Pipeline/Pipeline.php(130): Illuminate\\Foundation\\Http\\Kernel->Illuminate\\Foundation\\Http\\{closure}()
#23 /var/www/html/sipongi-dev/vendor/fruitcake/laravel-cors/src/HandleCors.php(57): Illuminate\\Pipeline\\Pipeline->Illuminate\\Pipeline\\{closure}()
#24 /var/www/html/sipongi-dev/vendor/laravel/framework/src/Illuminate/Pipeline/Pipeline.php(171): Fruitcake\\Cors\\HandleCors->handle()
#25 /var/www/html/sipongi-dev/vendor/laravel/framework/src/Illuminate/Foundation/Http/Middleware/TransformsRequest.php(21): Illuminate\\Pipeline\\Pipeline->Illuminate\\Pipeline\\{closure}()
#26 /var/www/html/sipongi-dev/vendor/laravel/framework/src/Illuminate/Pipeline/Pipeline.php(171): Illuminate\\Foundation\\Http\\Middleware\\TransformsRequest->handle()
#27 /var/www/html/sipongi-dev/vendor/laravel/framework/src/Illuminate/Foundation/Http/Middleware/TransformsRequest.php(21): Illuminate\\Pipeline\\Pipeline->Illuminate\\Pipeline\\{closure}()
#28 /var/www/html/sipongi-dev/vendor/laravel/framework/src/Illuminate/Pipeline/Pipeline.php(171): Illuminate\\Foundation\\Http\\Middleware\\TransformsRequest->handle()
#29 /var/www/html/sipongi-dev/vendor/laravel/framework/src/Illuminate/Foundation/Http/Middleware/ValidatePostSize.php(27): Illuminate\\Pipeline\\Pipeline->Illuminate\\Pipeline\\{closure}()
#30 /var/www/html/sipongi-dev/vendor/laravel/framework/src/Illuminate/Pipeline/Pipeline.php(171): Illuminate\\Foundation\\Http\\Middleware\\ValidatePostSize->handle()
#31 /var/www/html/sipongi-dev/vendor/laravel/framework/src/Illuminate/Foundation/Http/Middleware/CheckForMaintenanceMode.php(63): Illuminate\\Pipeline\\Pipeline->Illuminate\\Pipeline\\{closure}()
#32 /var/www/html/sipongi-dev/vendor/laravel/framework/src/Illuminate/Pipeline/Pipeline.php(171): Illuminate\\Foundation\\Http\\Middleware\\CheckForMaintenanceMode->handle()
#33 /var/www/html/sipongi-dev/vendor/fideloper/proxy/src/TrustProxies.php(57): Illuminate\\Pipeline\\Pipeline->Illuminate\\Pipeline\\{closure}()
#34 /var/www/html/sipongi-dev/vendor/laravel/framework/src/Illuminate/Pipeline/Pipeline.php(171): Fideloper\\Proxy\\TrustProxies->handle()
#35 /var/www/html/sipongi-dev/vendor/laravel/framework/src/Illuminate/Pipeline/Pipeline.php(105): Illuminate\\Pipeline\\Pipeline->Illuminate\\Pipeline\\{closure}()
#36 /var/www/html/sipongi-dev/vendor/laravel/framework/src/Illuminate/Foundation/Http/Kernel.php(145): Illuminate\\Pipeline\\Pipeline->then()
#37 /var/www/html/sipongi-dev/vendor/laravel/framework/src/Illuminate/Foundation/Http/Kernel.php(110): Illuminate\\Foundation\\Http\\Kernel->sendRequestThroughRouter()
#38 /var/www/html/sipongi-dev/public/index.php(55): Illuminate\\Foundation\\Http\\Kernel->handle()
#39 {main}
"} 
[2020-10-18 12:31:05] production.ERROR: Connection refused for URI https://firms.modaps.eosdis.nasa.gov/active_fire/c6/text/MODIS_C6_SouthEast_Asia_24h.csv {"exception":"[object] (GuzzleHttp\\Exception\\ConnectException(code: 0): Connection refused for URI https://firms.modaps.eosdis.nasa.gov/active_fire/c6/text/MODIS_C6_SouthEast_Asia_24h.csv at /var/www/html/sipongi-dev/vendor/guzzlehttp/guzzle/src/Handler/StreamHandler.php:71)
[stacktrace]
#0 /var/www/html/sipongi-dev/vendor/guzzlehttp/guzzle/src/PrepareBodyMiddleware.php(35): GuzzleHttp\\Handler\\StreamHandler->__invoke()
#1 /var/www/html/sipongi-dev/vendor/guzzlehttp/guzzle/src/Middleware.php(30): GuzzleHttp\\PrepareBodyMiddleware->__invoke()
#2 /var/www/html/sipongi-dev/vendor/guzzlehttp/guzzle/src/RedirectMiddleware.php(71): GuzzleHttp\\Middleware::GuzzleHttp\\{closure}()
#3 /var/www/html/sipongi-dev/vendor/guzzlehttp/guzzle/src/Middleware.php(60): GuzzleHttp\\RedirectMiddleware->__invoke()
#4 /var/www/html/sipongi-dev/vendor/guzzlehttp/guzzle/src/HandlerStack.php(75): GuzzleHttp\\Middleware::GuzzleHttp\\{closure}()
#5 /var/www/html/sipongi-dev/vendor/guzzlehttp/guzzle/src/Client.php(330): GuzzleHttp\\HandlerStack->__invoke()
#6 /var/www/html/sipongi-dev/vendor/guzzlehttp/guzzle/src/Client.php(167): GuzzleHttp\\Client->transfer()
#7 /var/www/html/sipongi-dev/vendor/guzzlehttp/guzzle/src/Client.php(186): GuzzleHttp\\Client->requestAsync()
#8 /var/www/html/sipongi-dev/app/Jobs/ReadHotspot/HotspotModis.php(63): GuzzleHttp\\Client->request()
#9 [internal function]: App\\Jobs\\ReadHotspot\\HotspotModis->handle()
#10 /var/www/html/sipongi-dev/vendor/laravel/framework/src/Illuminate/Container/BoundMethod.php(32): call_user_func_array()
#11 /var/www/html/sipongi-dev/vendor/laravel/framework/src/Illuminate/Container/Util.php(37): Illuminate\\Container\\BoundMethod::Illuminate\\Container\\{closure}()
#12 /var/www/html/sipongi-dev/vendor/laravel/framework/src/Illuminate/Container/BoundMethod.php(90): Illuminate\\Container\\Util::unwrapIfClosure()
#13 /var/www/html/sipongi-dev/vendor/laravel/framework/src/Illuminate/Container/BoundMethod.php(34): Illuminate\\Container\\BoundMethod::callBoundMethod()
#14 /var/www/html/sipongi-dev/vendor/laravel/framework/src/Illuminate/Container/Container.php(590): Illuminate\\Container\\BoundMethod::call()
#15 /var/www/html/sipongi-dev/vendor/laravel/framework/src/Illuminate/Bus/Dispatcher.php(94): Illuminate\\Container\\Container->call()
#16 /var/www/html/sipongi-dev/vendor/laravel/framework/src/Illuminate/Pipeline/Pipeline.php(130): Illuminate\\Bus\\Dispatcher->Illuminate\\Bus\\{closure}()
#17 /var/www/html/sipongi-dev/vendor/laravel/framework/src/Illuminate/Pipeline/Pipeline.php(105): Illuminate\\Pipeline\\Pipeline->Illuminate\\Pipeline\\{closure}()
#18 /var/www/html/sipongi-dev/vendor/laravel/framework/src/Illuminate/Bus/Dispatcher.php(98): Illuminate\\Pipeline\\Pipeline->then()
#19 /var/www/html/sipongi-dev/vendor/laravel/framework/src/Illuminate/Queue/CallQueuedHandler.php(83): Illuminate\\Bus\\Dispatcher->dispatchNow()
#20 /var/www/html/sipongi-dev/vendor/laravel/framework/src/Illuminate/Pipeline/Pipeline.php(130): Illuminate\\Queue\\CallQueuedHandler->Illuminate\\Queue\\{closure}()
#21 /var/www/html/sipongi-dev/vendor/laravel/framework/src/Illuminate/Pipeline/Pipeline.php(105): Illuminate\\Pipeline\\Pipeline->Illuminate\\Pipeline\\{closure}()
#22 /var/www/html/sipongi-dev/vendor/laravel/framework/src/Illuminate/Queue/CallQueuedHandler.php(85): Illuminate\\Pipeline\\Pipeline->then()
#23 /var/www/html/sipongi-dev/vendor/laravel/framework/src/Illuminate/Queue/CallQueuedHandler.php(59): Illuminate\\Queue\\CallQueuedHandler->dispatchThroughMiddleware()
#24 /var/www/html/sipongi-dev/vendor/laravel/framework/src/Illuminate/Queue/Jobs/Job.php(88): Illuminate\\Queue\\CallQueuedHandler->call()
#25 /var/www/html/sipongi-dev/vendor/laravel/framework/src/Illuminate/Queue/Worker.php(368): Illuminate\\Queue\\Jobs\\Job->fire()
#26 /var/www/html/sipongi-dev/vendor/laravel/framework/src/Illuminate/Queue/Worker.php(314): Illuminate\\Queue\\Worker->process()
#27 /var/www/html/sipongi-dev/vendor/laravel/framework/src/Illuminate/Queue/Worker.php(134): Illuminate\\Queue\\Worker->runJob()
#28 /var/www/html/sipongi-dev/vendor/laravel/framework/src/Illuminate/Queue/Console/WorkCommand.php(112): Illuminate\\Queue\\Worker->daemon()
#29 /var/www/html/sipongi-dev/vendor/laravel/framework/src/Illuminate/Queue/Console/WorkCommand.php(96): Illuminate\\Queue\\Console\\WorkCommand->runWorker()
#30 /var/www/html/sipongi-dev/vendor/laravel/horizon/src/Console/WorkCommand.php(46): Illuminate\\Queue\\Console\\WorkCommand->handle()
#31 [internal function]: Laravel\\Horizon\\Console\\WorkCommand->handle()
#32 /var/www/html/sipongi-dev/vendor/laravel/framework/src/Illuminate/Container/BoundMethod.php(32): call_user_func_array()
#33 /var/www/html/sipongi-dev/vendor/laravel/framework/src/Illuminate/Container/Util.php(37): Illuminate\\Container\\BoundMethod::Illuminate\\Container\\{closure}()
#34 /var/www/html/sipongi-dev/vendor/laravel/framework/src/Illuminate/Container/BoundMethod.php(90): Illuminate\\Container\\Util::unwrapIfClosure()
#35 /var/www/html/sipongi-dev/vendor/laravel/framework/src/Illuminate/Container/BoundMethod.php(34): Illuminate\\Container\\BoundMethod::callBoundMethod()
#36 /var/www/html/sipongi-dev/vendor/laravel/framework/src/Illuminate/Container/Container.php(590): Illuminate\\Container\\BoundMethod::call()
#37 /var/www/html/sipongi-dev/vendor/laravel/framework/src/Illuminate/Console/Command.php(134): Illuminate\\Container\\Container->call()
#38 /var/www/html/sipongi-dev/vendor/symfony/console/Command/Command.php(255): Illuminate\\Console\\Command->execute()
#39 /var/www/html/sipongi-dev/vendor/laravel/framework/src/Illuminate/Console/Command.php(121): Symfony\\Component\\Console\\Command\\Command->run()
#40 /var/www/html/sipongi-dev/vendor/symfony/console/Application.php(1009): Illuminate\\Console\\Command->run()
#41 /var/www/html/sipongi-dev/vendor/symfony/console/Application.php(273): Symfony\\Component\\Console\\Application->doRunCommand()
#42 /var/www/html/sipongi-dev/vendor/symfony/console/Application.php(149): Symfony\\Component\\Console\\Application->doRun()
#43 /var/www/html/sipongi-dev/vendor/laravel/framework/src/Illuminate/Console/Application.php(93): Symfony\\Component\\Console\\Application->run()
#44 /var/www/html/sipongi-dev/vendor/laravel/framework/src/Illuminate/Foundation/Console/Kernel.php(131): Illuminate\\Console\\Application->run()
#45 /var/www/html/sipongi-dev/artisan(37): Illuminate\\Foundation\\Console\\Kernel->handle()
#46 {main}

[previous exception] [object] (GuzzleHttp\\Exception\\ConnectException(code: 0): Connection refused for URI https://firms.modaps.eosdis.nasa.gov/active_fire/c6/text/MODIS_C6_SouthEast_Asia_24h.csv at /var/www/html/sipongi-dev/vendor/guzzlehttp/guzzle/src/Handler/StreamHandler.php:336)
[stacktrace]
#0 /var/www/html/sipongi-dev/vendor/guzzlehttp/guzzle/src/Handler/StreamHandler.php(252): GuzzleHttp\\Handler\\StreamHandler->GuzzleHttp\\Handler\\{closure}()
#1 /var/www/html/sipongi-dev/vendor/guzzlehttp/guzzle/src/Handler/StreamHandler.php(352): GuzzleHttp\\Handler\\StreamHandler->createResource()
#2 /var/www/html/sipongi-dev/vendor/guzzlehttp/guzzle/src/Handler/StreamHandler.php(57): GuzzleHttp\\Handler\\StreamHandler->createStream()
#3 /var/www/html/sipongi-dev/vendor/guzzlehttp/guzzle/src/PrepareBodyMiddleware.php(35): GuzzleHttp\\Handler\\StreamHandler->__invoke()
#4 /var/www/html/sipongi-dev/vendor/guzzlehttp/guzzle/src/Middleware.php(30): GuzzleHttp\\PrepareBodyMiddleware->__invoke()
#5 /var/www/html/sipongi-dev/vendor/guzzlehttp/guzzle/src/RedirectMiddleware.php(71): GuzzleHttp\\Middleware::GuzzleHttp\\{closure}()
#6 /var/www/html/sipongi-dev/vendor/guzzlehttp/guzzle/src/Middleware.php(60): GuzzleHttp\\RedirectMiddleware->__invoke()
#7 /var/www/html/sipongi-dev/vendor/guzzlehttp/guzzle/src/HandlerStack.php(75): GuzzleHttp\\Middleware::GuzzleHttp\\{closure}()
#8 /var/www/html/sipongi-dev/vendor/guzzlehttp/guzzle/src/Client.php(330): GuzzleHttp\\HandlerStack->__invoke()
#9 /var/www/html/sipongi-dev/vendor/guzzlehttp/guzzle/src/Client.php(167): GuzzleHttp\\Client->transfer()
#10 /var/www/html/sipongi-dev/vendor/guzzlehttp/guzzle/src/Client.php(186): GuzzleHttp\\Client->requestAsync()
#11 /var/www/html/sipongi-dev/app/Jobs/ReadHotspot/HotspotModis.php(63): GuzzleHttp\\Client->request()
#12 [internal function]: App\\Jobs\\ReadHotspot\\HotspotModis->handle()
#13 /var/www/html/sipongi-dev/vendor/laravel/framework/src/Illuminate/Container/BoundMethod.php(32): call_user_func_array()
#14 /var/www/html/sipongi-dev/vendor/laravel/framework/src/Illuminate/Container/Util.php(37): Illuminate\\Container\\BoundMethod::Illuminate\\Container\\{closure}()
#15 /var/www/html/sipongi-dev/vendor/laravel/framework/src/Illuminate/Container/BoundMethod.php(90): Illuminate\\Container\\Util::unwrapIfClosure()
#16 /var/www/html/sipongi-dev/vendor/laravel/framework/src/Illuminate/Container/BoundMethod.php(34): Illuminate\\Container\\BoundMethod::callBoundMethod()
#17 /var/www/html/sipongi-dev/vendor/laravel/framework/src/Illuminate/Container/Container.php(590): Illuminate\\Container\\BoundMethod::call()
#18 /var/www/html/sipongi-dev/vendor/laravel/framework/src/Illuminate/Bus/Dispatcher.php(94): Illuminate\\Container\\Container->call()
#19 /var/www/html/sipongi-dev/vendor/laravel/framework/src/Illuminate/Pipeline/Pipeline.php(130): Illuminate\\Bus\\Dispatcher->Illuminate\\Bus\\{closure}()
#20 /var/www/html/sipongi-dev/vendor/laravel/framework/src/Illuminate/Pipeline/Pipeline.php(105): Illuminate\\Pipeline\\Pipeline->Illuminate\\Pipeline\\{closure}()
#21 /var/www/html/sipongi-dev/vendor/laravel/framework/src/Illuminate/Bus/Dispatcher.php(98): Illuminate\\Pipeline\\Pipeline->then()
#22 /var/www/html/sipongi-dev/vendor/laravel/framework/src/Illuminate/Queue/CallQueuedHandler.php(83): Illuminate\\Bus\\Dispatcher->dispatchNow()
#23 /var/www/html/sipongi-dev/vendor/laravel/framework/src/Illuminate/Pipeline/Pipeline.php(130): Illuminate\\Queue\\CallQueuedHandler->Illuminate\\Queue\\{closure}()
#24 /var/www/html/sipongi-dev/vendor/laravel/framework/src/Illuminate/Pipeline/Pipeline.php(105): Illuminate\\Pipeline\\Pipeline->Illuminate\\Pipeline\\{closure}()
#25 /var/www/html/sipongi-dev/vendor/laravel/framework/src/Illuminate/Queue/CallQueuedHandler.php(85): Illuminate\\Pipeline\\Pipeline->then()
#26 /var/www/html/sipongi-dev/vendor/laravel/framework/src/Illuminate/Queue/CallQueuedHandler.php(59): Illuminate\\Queue\\CallQueuedHandler->dispatchThroughMiddleware()
#27 /var/www/html/sipongi-dev/vendor/laravel/framework/src/Illuminate/Queue/Jobs/Job.php(88): Illuminate\\Queue\\CallQueuedHandler->call()
#28 /var/www/html/sipongi-dev/vendor/laravel/framework/src/Illuminate/Queue/Worker.php(368): Illuminate\\Queue\\Jobs\\Job->fire()
#29 /var/www/html/sipongi-dev/vendor/laravel/framework/src/Illuminate/Queue/Worker.php(314): Illuminate\\Queue\\Worker->process()
#30 /var/www/html/sipongi-dev/vendor/laravel/framework/src/Illuminate/Queue/Worker.php(134): Illuminate\\Queue\\Worker->runJob()
#31 /var/www/html/sipongi-dev/vendor/laravel/framework/src/Illuminate/Queue/Console/WorkCommand.php(112): Illuminate\\Queue\\Worker->daemon()
#32 /var/www/html/sipongi-dev/vendor/laravel/framework/src/Illuminate/Queue/Console/WorkCommand.php(96): Illuminate\\Queue\\Console\\WorkCommand->runWorker()
#33 /var/www/html/sipongi-dev/vendor/laravel/horizon/src/Console/WorkCommand.php(46): Illuminate\\Queue\\Console\\WorkCommand->handle()
#34 [internal function]: Laravel\\Horizon\\Console\\WorkCommand->handle()
#35 /var/www/html/sipongi-dev/vendor/laravel/framework/src/Illuminate/Container/BoundMethod.php(32): call_user_func_array()
#36 /var/www/html/sipongi-dev/vendor/laravel/framework/src/Illuminate/Container/Util.php(37): Illuminate\\Container\\BoundMethod::Illuminate\\Container\\{closure}()
#37 /var/www/html/sipongi-dev/vendor/laravel/framework/src/Illuminate/Container/BoundMethod.php(90): Illuminate\\Container\\Util::unwrapIfClosure()
#38 /var/www/html/sipongi-dev/vendor/laravel/framework/src/Illuminate/Container/BoundMethod.php(34): Illuminate\\Container\\BoundMethod::callBoundMethod()
#39 /var/www/html/sipongi-dev/vendor/laravel/framework/src/Illuminate/Container/Container.php(590): Illuminate\\Container\\BoundMethod::call()
#40 /var/www/html/sipongi-dev/vendor/laravel/framework/src/Illuminate/Console/Command.php(134): Illuminate\\Container\\Container->call()
#41 /var/www/html/sipongi-dev/vendor/symfony/console/Command/Command.php(255): Illuminate\\Console\\Command->execute()
#42 /var/www/html/sipongi-dev/vendor/laravel/framework/src/Illuminate/Console/Command.php(121): Symfony\\Component\\Console\\Command\\Command->run()
#43 /var/www/html/sipongi-dev/vendor/symfony/console/Application.php(1009): Illuminate\\Console\\Command->run()
#44 /var/www/html/sipongi-dev/vendor/symfony/console/Application.php(273): Symfony\\Component\\Console\\Application->doRunCommand()
#45 /var/www/html/sipongi-dev/vendor/symfony/console/Application.php(149): Symfony\\Component\\Console\\Application->doRun()
#46 /var/www/html/sipongi-dev/vendor/laravel/framework/src/Illuminate/Console/Application.php(93): Symfony\\Component\\Console\\Application->run()
#47 /var/www/html/sipongi-dev/vendor/laravel/framework/src/Illuminate/Foundation/Console/Kernel.php(131): Illuminate\\Console\\Application->run()
#48 /var/www/html/sipongi-dev/artisan(37): Illuminate\\Foundation\\Console\\Kernel->handle()
#49 {main}
"} 
[2020-10-18 13:13:33] production.ERROR: The resource owner or authorization server denied the request. {"exception":"[object] (League\\OAuth2\\Server\\Exception\\OAuthServerException(code: 9): The resource owner or authorization server denied the request. at /var/www/html/sipongi-dev/vendor/league/oauth2-server/src/Exception/OAuthServerException.php:243)
[stacktrace]
#0 /var/www/html/sipongi-dev/vendor/league/oauth2-server/src/AuthorizationValidators/BearerTokenValidator.php(84): League\\OAuth2\\Server\\Exception\\OAuthServerException::accessDenied()
#1 /var/www/html/sipongi-dev/vendor/league/oauth2-server/src/ResourceServer.php(84): League\\OAuth2\\Server\\AuthorizationValidators\\BearerTokenValidator->validateAuthorization()
#2 /var/www/html/sipongi-dev/vendor/laravel/passport/src/Guards/TokenGuard.php(207): League\\OAuth2\\Server\\ResourceServer->validateAuthenticatedRequest()
#3 /var/www/html/sipongi-dev/vendor/laravel/passport/src/Guards/TokenGuard.php(150): Laravel\\Passport\\Guards\\TokenGuard->getPsrRequestViaBearerToken()
#4 /var/www/html/sipongi-dev/vendor/laravel/passport/src/Guards/TokenGuard.php(113): Laravel\\Passport\\Guards\\TokenGuard->authenticateViaBearerToken()
#5 /var/www/html/sipongi-dev/vendor/laravel/passport/src/PassportServiceProvider.php(286): Laravel\\Passport\\Guards\\TokenGuard->user()
#6 [internal function]: Laravel\\Passport\\PassportServiceProvider->Laravel\\Passport\\{closure}()
#7 /var/www/html/sipongi-dev/vendor/laravel/framework/src/Illuminate/Auth/RequestGuard.php(58): call_user_func()
#8 /var/www/html/sipongi-dev/vendor/laravel/framework/src/Illuminate/Auth/GuardHelpers.php(60): Illuminate\\Auth\\RequestGuard->user()
#9 /var/www/html/sipongi-dev/vendor/laravel/framework/src/Illuminate/Auth/Middleware/Authenticate.php(62): Illuminate\\Auth\\RequestGuard->check()
#10 /var/www/html/sipongi-dev/app/Http/Middleware/Authenticate.php(32): Illuminate\\Auth\\Middleware\\Authenticate->authenticate()
#11 /var/www/html/sipongi-dev/vendor/laravel/framework/src/Illuminate/Pipeline/Pipeline.php(171): App\\Http\\Middleware\\Authenticate->handle()
#12 /var/www/html/sipongi-dev/vendor/laravel/framework/src/Illuminate/Pipeline/Pipeline.php(105): Illuminate\\Pipeline\\Pipeline->Illuminate\\Pipeline\\{closure}()
#13 /var/www/html/sipongi-dev/vendor/laravel/framework/src/Illuminate/Routing/Router.php(683): Illuminate\\Pipeline\\Pipeline->then()
#14 /var/www/html/sipongi-dev/vendor/laravel/framework/src/Illuminate/Routing/Router.php(658): Illuminate\\Routing\\Router->runRouteWithinStack()
#15 /var/www/html/sipongi-dev/vendor/laravel/framework/src/Illuminate/Routing/Router.php(624): Illuminate\\Routing\\Router->runRoute()
#16 /var/www/html/sipongi-dev/vendor/laravel/framework/src/Illuminate/Routing/Router.php(613): Illuminate\\Routing\\Router->dispatchToRoute()
#17 /var/www/html/sipongi-dev/vendor/laravel/framework/src/Illuminate/Foundation/Http/Kernel.php(170): Illuminate\\Routing\\Router->dispatch()
#18 /var/www/html/sipongi-dev/vendor/laravel/framework/src/Illuminate/Pipeline/Pipeline.php(130): Illuminate\\Foundation\\Http\\Kernel->Illuminate\\Foundation\\Http\\{closure}()
#19 /var/www/html/sipongi-dev/vendor/fruitcake/laravel-cors/src/HandleCors.php(57): Illuminate\\Pipeline\\Pipeline->Illuminate\\Pipeline\\{closure}()
#20 /var/www/html/sipongi-dev/vendor/laravel/framework/src/Illuminate/Pipeline/Pipeline.php(171): Fruitcake\\Cors\\HandleCors->handle()
#21 /var/www/html/sipongi-dev/vendor/laravel/framework/src/Illuminate/Foundation/Http/Middleware/TransformsRequest.php(21): Illuminate\\Pipeline\\Pipeline->Illuminate\\Pipeline\\{closure}()
#22 /var/www/html/sipongi-dev/vendor/laravel/framework/src/Illuminate/Pipeline/Pipeline.php(171): Illuminate\\Foundation\\Http\\Middleware\\TransformsRequest->handle()
#23 /var/www/html/sipongi-dev/vendor/laravel/framework/src/Illuminate/Foundation/Http/Middleware/TransformsRequest.php(21): Illuminate\\Pipeline\\Pipeline->Illuminate\\Pipeline\\{closure}()
#24 /var/www/html/sipongi-dev/vendor/laravel/framework/src/Illuminate/Pipeline/Pipeline.php(171): Illuminate\\Foundation\\Http\\Middleware\\TransformsRequest->handle()
#25 /var/www/html/sipongi-dev/vendor/laravel/framework/src/Illuminate/Foundation/Http/Middleware/ValidatePostSize.php(27): Illuminate\\Pipeline\\Pipeline->Illuminate\\Pipeline\\{closure}()
#26 /var/www/html/sipongi-dev/vendor/laravel/framework/src/Illuminate/Pipeline/Pipeline.php(171): Illuminate\\Foundation\\Http\\Middleware\\ValidatePostSize->handle()
#27 /var/www/html/sipongi-dev/vendor/laravel/framework/src/Illuminate/Foundation/Http/Middleware/CheckForMaintenanceMode.php(63): Illuminate\\Pipeline\\Pipeline->Illuminate\\Pipeline\\{closure}()
#28 /var/www/html/sipongi-dev/vendor/laravel/framework/src/Illuminate/Pipeline/Pipeline.php(171): Illuminate\\Foundation\\Http\\Middleware\\CheckForMaintenanceMode->handle()
#29 /var/www/html/sipongi-dev/vendor/fideloper/proxy/src/TrustProxies.php(57): Illuminate\\Pipeline\\Pipeline->Illuminate\\Pipeline\\{closure}()
#30 /var/www/html/sipongi-dev/vendor/laravel/framework/src/Illuminate/Pipeline/Pipeline.php(171): Fideloper\\Proxy\\TrustProxies->handle()
#31 /var/www/html/sipongi-dev/vendor/laravel/framework/src/Illuminate/Pipeline/Pipeline.php(105): Illuminate\\Pipeline\\Pipeline->Illuminate\\Pipeline\\{closure}()
#32 /var/www/html/sipongi-dev/vendor/laravel/framework/src/Illuminate/Foundation/Http/Kernel.php(145): Illuminate\\Pipeline\\Pipeline->then()
#33 /var/www/html/sipongi-dev/vendor/laravel/framework/src/Illuminate/Foundation/Http/Kernel.php(110): Illuminate\\Foundation\\Http\\Kernel->sendRequestThroughRouter()
#34 /var/www/html/sipongi-dev/public/index.php(55): Illuminate\\Foundation\\Http\\Kernel->handle()
#35 {main}
"} 
[2020-10-18 13:13:33] production.ERROR: The resource owner or authorization server denied the request. {"exception":"[object] (League\\OAuth2\\Server\\Exception\\OAuthServerException(code: 9): The resource owner or authorization server denied the request. at /var/www/html/sipongi-dev/vendor/league/oauth2-server/src/Exception/OAuthServerException.php:243)
[stacktrace]
#0 /var/www/html/sipongi-dev/vendor/league/oauth2-server/src/AuthorizationValidators/BearerTokenValidator.php(84): League\\OAuth2\\Server\\Exception\\OAuthServerException::accessDenied()
#1 /var/www/html/sipongi-dev/vendor/league/oauth2-server/src/ResourceServer.php(84): League\\OAuth2\\Server\\AuthorizationValidators\\BearerTokenValidator->validateAuthorization()
#2 /var/www/html/sipongi-dev/vendor/laravel/passport/src/Guards/TokenGuard.php(207): League\\OAuth2\\Server\\ResourceServer->validateAuthenticatedRequest()
#3 /var/www/html/sipongi-dev/vendor/laravel/passport/src/Guards/TokenGuard.php(150): Laravel\\Passport\\Guards\\TokenGuard->getPsrRequestViaBearerToken()
#4 /var/www/html/sipongi-dev/vendor/laravel/passport/src/Guards/TokenGuard.php(113): Laravel\\Passport\\Guards\\TokenGuard->authenticateViaBearerToken()
#5 /var/www/html/sipongi-dev/vendor/laravel/passport/src/PassportServiceProvider.php(286): Laravel\\Passport\\Guards\\TokenGuard->user()
#6 [internal function]: Laravel\\Passport\\PassportServiceProvider->Laravel\\Passport\\{closure}()
#7 /var/www/html/sipongi-dev/vendor/laravel/framework/src/Illuminate/Auth/RequestGuard.php(58): call_user_func()
#8 /var/www/html/sipongi-dev/vendor/laravel/framework/src/Illuminate/Auth/AuthManager.php(54): Illuminate\\Auth\\RequestGuard->user()
#9 [internal function]: Illuminate\\Auth\\AuthManager->Illuminate\\Auth\\{closure}()
#10 /var/www/html/sipongi-dev/vendor/laravel/framework/src/Illuminate/Auth/AuthServiceProvider.php(106): call_user_func()
#11 [internal function]: Illuminate\\Auth\\AuthServiceProvider->Illuminate\\Auth\\{closure}()
#12 /var/www/html/sipongi-dev/vendor/laravel/framework/src/Illuminate/Http/Request.php(522): call_user_func()
#13 /var/www/html/sipongi-dev/app/Http/Middleware/CustomThrottleRequests.php(48): Illuminate\\Http\\Request->user()
#14 /var/www/html/sipongi-dev/app/Http/Middleware/CustomThrottleRequests.php(19): App\\Http\\Middleware\\CustomThrottleRequests->resolveRequestSignature()
#15 /var/www/html/sipongi-dev/vendor/laravel/framework/src/Illuminate/Pipeline/Pipeline.php(171): App\\Http\\Middleware\\CustomThrottleRequests->handle()
#16 /var/www/html/sipongi-dev/vendor/laravel/framework/src/Illuminate/Pipeline/Pipeline.php(105): Illuminate\\Pipeline\\Pipeline->Illuminate\\Pipeline\\{closure}()
#17 /var/www/html/sipongi-dev/vendor/laravel/framework/src/Illuminate/Routing/Router.php(683): Illuminate\\Pipeline\\Pipeline->then()
#18 /var/www/html/sipongi-dev/vendor/laravel/framework/src/Illuminate/Routing/Router.php(658): Illuminate\\Routing\\Router->runRouteWithinStack()
#19 /var/www/html/sipongi-dev/vendor/laravel/framework/src/Illuminate/Routing/Router.php(624): Illuminate\\Routing\\Router->runRoute()
#20 /var/www/html/sipongi-dev/vendor/laravel/framework/src/Illuminate/Routing/Router.php(613): Illuminate\\Routing\\Router->dispatchToRoute()
#21 /var/www/html/sipongi-dev/vendor/laravel/framework/src/Illuminate/Foundation/Http/Kernel.php(170): Illuminate\\Routing\\Router->dispatch()
#22 /var/www/html/sipongi-dev/vendor/laravel/framework/src/Illuminate/Pipeline/Pipeline.php(130): Illuminate\\Foundation\\Http\\Kernel->Illuminate\\Foundation\\Http\\{closure}()
#23 /var/www/html/sipongi-dev/vendor/fruitcake/laravel-cors/src/HandleCors.php(57): Illuminate\\Pipeline\\Pipeline->Illuminate\\Pipeline\\{closure}()
#24 /var/www/html/sipongi-dev/vendor/laravel/framework/src/Illuminate/Pipeline/Pipeline.php(171): Fruitcake\\Cors\\HandleCors->handle()
#25 /var/www/html/sipongi-dev/vendor/laravel/framework/src/Illuminate/Foundation/Http/Middleware/TransformsRequest.php(21): Illuminate\\Pipeline\\Pipeline->Illuminate\\Pipeline\\{closure}()
#26 /var/www/html/sipongi-dev/vendor/laravel/framework/src/Illuminate/Pipeline/Pipeline.php(171): Illuminate\\Foundation\\Http\\Middleware\\TransformsRequest->handle()
#27 /var/www/html/sipongi-dev/vendor/laravel/framework/src/Illuminate/Foundation/Http/Middleware/TransformsRequest.php(21): Illuminate\\Pipeline\\Pipeline->Illuminate\\Pipeline\\{closure}()
#28 /var/www/html/sipongi-dev/vendor/laravel/framework/src/Illuminate/Pipeline/Pipeline.php(171): Illuminate\\Foundation\\Http\\Middleware\\TransformsRequest->handle()
#29 /var/www/html/sipongi-dev/vendor/laravel/framework/src/Illuminate/Foundation/Http/Middleware/ValidatePostSize.php(27): Illuminate\\Pipeline\\Pipeline->Illuminate\\Pipeline\\{closure}()
#30 /var/www/html/sipongi-dev/vendor/laravel/framework/src/Illuminate/Pipeline/Pipeline.php(171): Illuminate\\Foundation\\Http\\Middleware\\ValidatePostSize->handle()
#31 /var/www/html/sipongi-dev/vendor/laravel/framework/src/Illuminate/Foundation/Http/Middleware/CheckForMaintenanceMode.php(63): Illuminate\\Pipeline\\Pipeline->Illuminate\\Pipeline\\{closure}()
#32 /var/www/html/sipongi-dev/vendor/laravel/framework/src/Illuminate/Pipeline/Pipeline.php(171): Illuminate\\Foundation\\Http\\Middleware\\CheckForMaintenanceMode->handle()
#33 /var/www/html/sipongi-dev/vendor/fideloper/proxy/src/TrustProxies.php(57): Illuminate\\Pipeline\\Pipeline->Illuminate\\Pipeline\\{closure}()
#34 /var/www/html/sipongi-dev/vendor/laravel/framework/src/Illuminate/Pipeline/Pipeline.php(171): Fideloper\\Proxy\\TrustProxies->handle()
#35 /var/www/html/sipongi-dev/vendor/laravel/framework/src/Illuminate/Pipeline/Pipeline.php(105): Illuminate\\Pipeline\\Pipeline->Illuminate\\Pipeline\\{closure}()
#36 /var/www/html/sipongi-dev/vendor/laravel/framework/src/Illuminate/Foundation/Http/Kernel.php(145): Illuminate\\Pipeline\\Pipeline->then()
#37 /var/www/html/sipongi-dev/vendor/laravel/framework/src/Illuminate/Foundation/Http/Kernel.php(110): Illuminate\\Foundation\\Http\\Kernel->sendRequestThroughRouter()
#38 /var/www/html/sipongi-dev/public/index.php(55): Illuminate\\Foundation\\Http\\Kernel->handle()
#39 {main}
"} 
[2020-10-18 17:21:28] production.ERROR: The resource owner or authorization server denied the request. {"exception":"[object] (League\\OAuth2\\Server\\Exception\\OAuthServerException(code: 9): The resource owner or authorization server denied the request. at /var/www/html/sipongi-dev/vendor/league/oauth2-server/src/Exception/OAuthServerException.php:243)
[stacktrace]
#0 /var/www/html/sipongi-dev/vendor/league/oauth2-server/src/AuthorizationValidators/BearerTokenValidator.php(84): League\\OAuth2\\Server\\Exception\\OAuthServerException::accessDenied()
#1 /var/www/html/sipongi-dev/vendor/league/oauth2-server/src/ResourceServer.php(84): League\\OAuth2\\Server\\AuthorizationValidators\\BearerTokenValidator->validateAuthorization()
#2 /var/www/html/sipongi-dev/vendor/laravel/passport/src/Guards/TokenGuard.php(207): League\\OAuth2\\Server\\ResourceServer->validateAuthenticatedRequest()
#3 /var/www/html/sipongi-dev/vendor/laravel/passport/src/Guards/TokenGuard.php(150): Laravel\\Passport\\Guards\\TokenGuard->getPsrRequestViaBearerToken()
#4 /var/www/html/sipongi-dev/vendor/laravel/passport/src/Guards/TokenGuard.php(113): Laravel\\Passport\\Guards\\TokenGuard->authenticateViaBearerToken()
#5 /var/www/html/sipongi-dev/vendor/laravel/passport/src/PassportServiceProvider.php(286): Laravel\\Passport\\Guards\\TokenGuard->user()
#6 [internal function]: Laravel\\Passport\\PassportServiceProvider->Laravel\\Passport\\{closure}()
#7 /var/www/html/sipongi-dev/vendor/laravel/framework/src/Illuminate/Auth/RequestGuard.php(58): call_user_func()
#8 /var/www/html/sipongi-dev/vendor/laravel/framework/src/Illuminate/Auth/GuardHelpers.php(60): Illuminate\\Auth\\RequestGuard->user()
#9 /var/www/html/sipongi-dev/vendor/laravel/framework/src/Illuminate/Auth/Middleware/Authenticate.php(62): Illuminate\\Auth\\RequestGuard->check()
#10 /var/www/html/sipongi-dev/app/Http/Middleware/Authenticate.php(32): Illuminate\\Auth\\Middleware\\Authenticate->authenticate()
#11 /var/www/html/sipongi-dev/vendor/laravel/framework/src/Illuminate/Pipeline/Pipeline.php(171): App\\Http\\Middleware\\Authenticate->handle()
#12 /var/www/html/sipongi-dev/vendor/laravel/framework/src/Illuminate/Pipeline/Pipeline.php(105): Illuminate\\Pipeline\\Pipeline->Illuminate\\Pipeline\\{closure}()
#13 /var/www/html/sipongi-dev/vendor/laravel/framework/src/Illuminate/Routing/Router.php(683): Illuminate\\Pipeline\\Pipeline->then()
#14 /var/www/html/sipongi-dev/vendor/laravel/framework/src/Illuminate/Routing/Router.php(658): Illuminate\\Routing\\Router->runRouteWithinStack()
#15 /var/www/html/sipongi-dev/vendor/laravel/framework/src/Illuminate/Routing/Router.php(624): Illuminate\\Routing\\Router->runRoute()
#16 /var/www/html/sipongi-dev/vendor/laravel/framework/src/Illuminate/Routing/Router.php(613): Illuminate\\Routing\\Router->dispatchToRoute()
#17 /var/www/html/sipongi-dev/vendor/laravel/framework/src/Illuminate/Foundation/Http/Kernel.php(170): Illuminate\\Routing\\Router->dispatch()
#18 /var/www/html/sipongi-dev/vendor/laravel/framework/src/Illuminate/Pipeline/Pipeline.php(130): Illuminate\\Foundation\\Http\\Kernel->Illuminate\\Foundation\\Http\\{closure}()
#19 /var/www/html/sipongi-dev/vendor/fruitcake/laravel-cors/src/HandleCors.php(57): Illuminate\\Pipeline\\Pipeline->Illuminate\\Pipeline\\{closure}()
#20 /var/www/html/sipongi-dev/vendor/laravel/framework/src/Illuminate/Pipeline/Pipeline.php(171): Fruitcake\\Cors\\HandleCors->handle()
#21 /var/www/html/sipongi-dev/vendor/laravel/framework/src/Illuminate/Foundation/Http/Middleware/TransformsRequest.php(21): Illuminate\\Pipeline\\Pipeline->Illuminate\\Pipeline\\{closure}()
#22 /var/www/html/sipongi-dev/vendor/laravel/framework/src/Illuminate/Pipeline/Pipeline.php(171): Illuminate\\Foundation\\Http\\Middleware\\TransformsRequest->handle()
#23 /var/www/html/sipongi-dev/vendor/laravel/framework/src/Illuminate/Foundation/Http/Middleware/TransformsRequest.php(21): Illuminate\\Pipeline\\Pipeline->Illuminate\\Pipeline\\{closure}()
#24 /var/www/html/sipongi-dev/vendor/laravel/framework/src/Illuminate/Pipeline/Pipeline.php(171): Illuminate\\Foundation\\Http\\Middleware\\TransformsRequest->handle()
#25 /var/www/html/sipongi-dev/vendor/laravel/framework/src/Illuminate/Foundation/Http/Middleware/ValidatePostSize.php(27): Illuminate\\Pipeline\\Pipeline->Illuminate\\Pipeline\\{closure}()
#26 /var/www/html/sipongi-dev/vendor/laravel/framework/src/Illuminate/Pipeline/Pipeline.php(171): Illuminate\\Foundation\\Http\\Middleware\\ValidatePostSize->handle()
#27 /var/www/html/sipongi-dev/vendor/laravel/framework/src/Illuminate/Foundation/Http/Middleware/CheckForMaintenanceMode.php(63): Illuminate\\Pipeline\\Pipeline->Illuminate\\Pipeline\\{closure}()
#28 /var/www/html/sipongi-dev/vendor/laravel/framework/src/Illuminate/Pipeline/Pipeline.php(171): Illuminate\\Foundation\\Http\\Middleware\\CheckForMaintenanceMode->handle()
#29 /var/www/html/sipongi-dev/vendor/fideloper/proxy/src/TrustProxies.php(57): Illuminate\\Pipeline\\Pipeline->Illuminate\\Pipeline\\{closure}()
#30 /var/www/html/sipongi-dev/vendor/laravel/framework/src/Illuminate/Pipeline/Pipeline.php(171): Fideloper\\Proxy\\TrustProxies->handle()
#31 /var/www/html/sipongi-dev/vendor/laravel/framework/src/Illuminate/Pipeline/Pipeline.php(105): Illuminate\\Pipeline\\Pipeline->Illuminate\\Pipeline\\{closure}()
#32 /var/www/html/sipongi-dev/vendor/laravel/framework/src/Illuminate/Foundation/Http/Kernel.php(145): Illuminate\\Pipeline\\Pipeline->then()
#33 /var/www/html/sipongi-dev/vendor/laravel/framework/src/Illuminate/Foundation/Http/Kernel.php(110): Illuminate\\Foundation\\Http\\Kernel->sendRequestThroughRouter()
#34 /var/www/html/sipongi-dev/public/index.php(55): Illuminate\\Foundation\\Http\\Kernel->handle()
#35 {main}
"} 
[2020-10-18 17:21:28] production.ERROR: The resource owner or authorization server denied the request. {"exception":"[object] (League\\OAuth2\\Server\\Exception\\OAuthServerException(code: 9): The resource owner or authorization server denied the request. at /var/www/html/sipongi-dev/vendor/league/oauth2-server/src/Exception/OAuthServerException.php:243)
[stacktrace]
#0 /var/www/html/sipongi-dev/vendor/league/oauth2-server/src/AuthorizationValidators/BearerTokenValidator.php(84): League\\OAuth2\\Server\\Exception\\OAuthServerException::accessDenied()
#1 /var/www/html/sipongi-dev/vendor/league/oauth2-server/src/ResourceServer.php(84): League\\OAuth2\\Server\\AuthorizationValidators\\BearerTokenValidator->validateAuthorization()
#2 /var/www/html/sipongi-dev/vendor/laravel/passport/src/Guards/TokenGuard.php(207): League\\OAuth2\\Server\\ResourceServer->validateAuthenticatedRequest()
#3 /var/www/html/sipongi-dev/vendor/laravel/passport/src/Guards/TokenGuard.php(150): Laravel\\Passport\\Guards\\TokenGuard->getPsrRequestViaBearerToken()
#4 /var/www/html/sipongi-dev/vendor/laravel/passport/src/Guards/TokenGuard.php(113): Laravel\\Passport\\Guards\\TokenGuard->authenticateViaBearerToken()
#5 /var/www/html/sipongi-dev/vendor/laravel/passport/src/PassportServiceProvider.php(286): Laravel\\Passport\\Guards\\TokenGuard->user()
#6 [internal function]: Laravel\\Passport\\PassportServiceProvider->Laravel\\Passport\\{closure}()
#7 /var/www/html/sipongi-dev/vendor/laravel/framework/src/Illuminate/Auth/RequestGuard.php(58): call_user_func()
#8 /var/www/html/sipongi-dev/vendor/laravel/framework/src/Illuminate/Auth/AuthManager.php(54): Illuminate\\Auth\\RequestGuard->user()
#9 [internal function]: Illuminate\\Auth\\AuthManager->Illuminate\\Auth\\{closure}()
#10 /var/www/html/sipongi-dev/vendor/laravel/framework/src/Illuminate/Auth/AuthServiceProvider.php(106): call_user_func()
#11 [internal function]: Illuminate\\Auth\\AuthServiceProvider->Illuminate\\Auth\\{closure}()
#12 /var/www/html/sipongi-dev/vendor/laravel/framework/src/Illuminate/Http/Request.php(522): call_user_func()
#13 /var/www/html/sipongi-dev/app/Http/Middleware/CustomThrottleRequests.php(48): Illuminate\\Http\\Request->user()
#14 /var/www/html/sipongi-dev/app/Http/Middleware/CustomThrottleRequests.php(19): App\\Http\\Middleware\\CustomThrottleRequests->resolveRequestSignature()
#15 /var/www/html/sipongi-dev/vendor/laravel/framework/src/Illuminate/Pipeline/Pipeline.php(171): App\\Http\\Middleware\\CustomThrottleRequests->handle()
#16 /var/www/html/sipongi-dev/vendor/laravel/framework/src/Illuminate/Pipeline/Pipeline.php(105): Illuminate\\Pipeline\\Pipeline->Illuminate\\Pipeline\\{closure}()
#17 /var/www/html/sipongi-dev/vendor/laravel/framework/src/Illuminate/Routing/Router.php(683): Illuminate\\Pipeline\\Pipeline->then()
#18 /var/www/html/sipongi-dev/vendor/laravel/framework/src/Illuminate/Routing/Router.php(658): Illuminate\\Routing\\Router->runRouteWithinStack()
#19 /var/www/html/sipongi-dev/vendor/laravel/framework/src/Illuminate/Routing/Router.php(624): Illuminate\\Routing\\Router->runRoute()
#20 /var/www/html/sipongi-dev/vendor/laravel/framework/src/Illuminate/Routing/Router.php(613): Illuminate\\Routing\\Router->dispatchToRoute()
#21 /var/www/html/sipongi-dev/vendor/laravel/framework/src/Illuminate/Foundation/Http/Kernel.php(170): Illuminate\\Routing\\Router->dispatch()
#22 /var/www/html/sipongi-dev/vendor/laravel/framework/src/Illuminate/Pipeline/Pipeline.php(130): Illuminate\\Foundation\\Http\\Kernel->Illuminate\\Foundation\\Http\\{closure}()
#23 /var/www/html/sipongi-dev/vendor/fruitcake/laravel-cors/src/HandleCors.php(57): Illuminate\\Pipeline\\Pipeline->Illuminate\\Pipeline\\{closure}()
#24 /var/www/html/sipongi-dev/vendor/laravel/framework/src/Illuminate/Pipeline/Pipeline.php(171): Fruitcake\\Cors\\HandleCors->handle()
#25 /var/www/html/sipongi-dev/vendor/laravel/framework/src/Illuminate/Foundation/Http/Middleware/TransformsRequest.php(21): Illuminate\\Pipeline\\Pipeline->Illuminate\\Pipeline\\{closure}()
#26 /var/www/html/sipongi-dev/vendor/laravel/framework/src/Illuminate/Pipeline/Pipeline.php(171): Illuminate\\Foundation\\Http\\Middleware\\TransformsRequest->handle()
#27 /var/www/html/sipongi-dev/vendor/laravel/framework/src/Illuminate/Foundation/Http/Middleware/TransformsRequest.php(21): Illuminate\\Pipeline\\Pipeline->Illuminate\\Pipeline\\{closure}()
#28 /var/www/html/sipongi-dev/vendor/laravel/framework/src/Illuminate/Pipeline/Pipeline.php(171): Illuminate\\Foundation\\Http\\Middleware\\TransformsRequest->handle()
#29 /var/www/html/sipongi-dev/vendor/laravel/framework/src/Illuminate/Foundation/Http/Middleware/ValidatePostSize.php(27): Illuminate\\Pipeline\\Pipeline->Illuminate\\Pipeline\\{closure}()
#30 /var/www/html/sipongi-dev/vendor/laravel/framework/src/Illuminate/Pipeline/Pipeline.php(171): Illuminate\\Foundation\\Http\\Middleware\\ValidatePostSize->handle()
#31 /var/www/html/sipongi-dev/vendor/laravel/framework/src/Illuminate/Foundation/Http/Middleware/CheckForMaintenanceMode.php(63): Illuminate\\Pipeline\\Pipeline->Illuminate\\Pipeline\\{closure}()
#32 /var/www/html/sipongi-dev/vendor/laravel/framework/src/Illuminate/Pipeline/Pipeline.php(171): Illuminate\\Foundation\\Http\\Middleware\\CheckForMaintenanceMode->handle()
#33 /var/www/html/sipongi-dev/vendor/fideloper/proxy/src/TrustProxies.php(57): Illuminate\\Pipeline\\Pipeline->Illuminate\\Pipeline\\{closure}()
#34 /var/www/html/sipongi-dev/vendor/laravel/framework/src/Illuminate/Pipeline/Pipeline.php(171): Fideloper\\Proxy\\TrustProxies->handle()
#35 /var/www/html/sipongi-dev/vendor/laravel/framework/src/Illuminate/Pipeline/Pipeline.php(105): Illuminate\\Pipeline\\Pipeline->Illuminate\\Pipeline\\{closure}()
#36 /var/www/html/sipongi-dev/vendor/laravel/framework/src/Illuminate/Foundation/Http/Kernel.php(145): Illuminate\\Pipeline\\Pipeline->then()
#37 /var/www/html/sipongi-dev/vendor/laravel/framework/src/Illuminate/Foundation/Http/Kernel.php(110): Illuminate\\Foundation\\Http\\Kernel->sendRequestThroughRouter()
#38 /var/www/html/sipongi-dev/public/index.php(55): Illuminate\\Foundation\\Http\\Kernel->handle()
#39 {main}
"} 
[2020-10-18 20:31:05] production.ERROR: Connection refused for URI https://firms.modaps.eosdis.nasa.gov/active_fire/c6/text/MODIS_C6_SouthEast_Asia_24h.csv {"exception":"[object] (GuzzleHttp\\Exception\\ConnectException(code: 0): Connection refused for URI https://firms.modaps.eosdis.nasa.gov/active_fire/c6/text/MODIS_C6_SouthEast_Asia_24h.csv at /var/www/html/sipongi-dev/vendor/guzzlehttp/guzzle/src/Handler/StreamHandler.php:71)
[stacktrace]
#0 /var/www/html/sipongi-dev/vendor/guzzlehttp/guzzle/src/PrepareBodyMiddleware.php(35): GuzzleHttp\\Handler\\StreamHandler->__invoke()
#1 /var/www/html/sipongi-dev/vendor/guzzlehttp/guzzle/src/Middleware.php(30): GuzzleHttp\\PrepareBodyMiddleware->__invoke()
#2 /var/www/html/sipongi-dev/vendor/guzzlehttp/guzzle/src/RedirectMiddleware.php(71): GuzzleHttp\\Middleware::GuzzleHttp\\{closure}()
#3 /var/www/html/sipongi-dev/vendor/guzzlehttp/guzzle/src/Middleware.php(60): GuzzleHttp\\RedirectMiddleware->__invoke()
#4 /var/www/html/sipongi-dev/vendor/guzzlehttp/guzzle/src/HandlerStack.php(75): GuzzleHttp\\Middleware::GuzzleHttp\\{closure}()
#5 /var/www/html/sipongi-dev/vendor/guzzlehttp/guzzle/src/Client.php(330): GuzzleHttp\\HandlerStack->__invoke()
#6 /var/www/html/sipongi-dev/vendor/guzzlehttp/guzzle/src/Client.php(167): GuzzleHttp\\Client->transfer()
#7 /var/www/html/sipongi-dev/vendor/guzzlehttp/guzzle/src/Client.php(186): GuzzleHttp\\Client->requestAsync()
#8 /var/www/html/sipongi-dev/app/Jobs/ReadHotspot/HotspotModis.php(63): GuzzleHttp\\Client->request()
#9 [internal function]: App\\Jobs\\ReadHotspot\\HotspotModis->handle()
#10 /var/www/html/sipongi-dev/vendor/laravel/framework/src/Illuminate/Container/BoundMethod.php(32): call_user_func_array()
#11 /var/www/html/sipongi-dev/vendor/laravel/framework/src/Illuminate/Container/Util.php(37): Illuminate\\Container\\BoundMethod::Illuminate\\Container\\{closure}()
#12 /var/www/html/sipongi-dev/vendor/laravel/framework/src/Illuminate/Container/BoundMethod.php(90): Illuminate\\Container\\Util::unwrapIfClosure()
#13 /var/www/html/sipongi-dev/vendor/laravel/framework/src/Illuminate/Container/BoundMethod.php(34): Illuminate\\Container\\BoundMethod::callBoundMethod()
#14 /var/www/html/sipongi-dev/vendor/laravel/framework/src/Illuminate/Container/Container.php(590): Illuminate\\Container\\BoundMethod::call()
#15 /var/www/html/sipongi-dev/vendor/laravel/framework/src/Illuminate/Bus/Dispatcher.php(94): Illuminate\\Container\\Container->call()
#16 /var/www/html/sipongi-dev/vendor/laravel/framework/src/Illuminate/Pipeline/Pipeline.php(130): Illuminate\\Bus\\Dispatcher->Illuminate\\Bus\\{closure}()
#17 /var/www/html/sipongi-dev/vendor/laravel/framework/src/Illuminate/Pipeline/Pipeline.php(105): Illuminate\\Pipeline\\Pipeline->Illuminate\\Pipeline\\{closure}()
#18 /var/www/html/sipongi-dev/vendor/laravel/framework/src/Illuminate/Bus/Dispatcher.php(98): Illuminate\\Pipeline\\Pipeline->then()
#19 /var/www/html/sipongi-dev/vendor/laravel/framework/src/Illuminate/Queue/CallQueuedHandler.php(83): Illuminate\\Bus\\Dispatcher->dispatchNow()
#20 /var/www/html/sipongi-dev/vendor/laravel/framework/src/Illuminate/Pipeline/Pipeline.php(130): Illuminate\\Queue\\CallQueuedHandler->Illuminate\\Queue\\{closure}()
#21 /var/www/html/sipongi-dev/vendor/laravel/framework/src/Illuminate/Pipeline/Pipeline.php(105): Illuminate\\Pipeline\\Pipeline->Illuminate\\Pipeline\\{closure}()
#22 /var/www/html/sipongi-dev/vendor/laravel/framework/src/Illuminate/Queue/CallQueuedHandler.php(85): Illuminate\\Pipeline\\Pipeline->then()
#23 /var/www/html/sipongi-dev/vendor/laravel/framework/src/Illuminate/Queue/CallQueuedHandler.php(59): Illuminate\\Queue\\CallQueuedHandler->dispatchThroughMiddleware()
#24 /var/www/html/sipongi-dev/vendor/laravel/framework/src/Illuminate/Queue/Jobs/Job.php(88): Illuminate\\Queue\\CallQueuedHandler->call()
#25 /var/www/html/sipongi-dev/vendor/laravel/framework/src/Illuminate/Queue/Worker.php(368): Illuminate\\Queue\\Jobs\\Job->fire()
#26 /var/www/html/sipongi-dev/vendor/laravel/framework/src/Illuminate/Queue/Worker.php(314): Illuminate\\Queue\\Worker->process()
#27 /var/www/html/sipongi-dev/vendor/laravel/framework/src/Illuminate/Queue/Worker.php(134): Illuminate\\Queue\\Worker->runJob()
#28 /var/www/html/sipongi-dev/vendor/laravel/framework/src/Illuminate/Queue/Console/WorkCommand.php(112): Illuminate\\Queue\\Worker->daemon()
#29 /var/www/html/sipongi-dev/vendor/laravel/framework/src/Illuminate/Queue/Console/WorkCommand.php(96): Illuminate\\Queue\\Console\\WorkCommand->runWorker()
#30 /var/www/html/sipongi-dev/vendor/laravel/horizon/src/Console/WorkCommand.php(46): Illuminate\\Queue\\Console\\WorkCommand->handle()
#31 [internal function]: Laravel\\Horizon\\Console\\WorkCommand->handle()
#32 /var/www/html/sipongi-dev/vendor/laravel/framework/src/Illuminate/Container/BoundMethod.php(32): call_user_func_array()
#33 /var/www/html/sipongi-dev/vendor/laravel/framework/src/Illuminate/Container/Util.php(37): Illuminate\\Container\\BoundMethod::Illuminate\\Container\\{closure}()
#34 /var/www/html/sipongi-dev/vendor/laravel/framework/src/Illuminate/Container/BoundMethod.php(90): Illuminate\\Container\\Util::unwrapIfClosure()
#35 /var/www/html/sipongi-dev/vendor/laravel/framework/src/Illuminate/Container/BoundMethod.php(34): Illuminate\\Container\\BoundMethod::callBoundMethod()
#36 /var/www/html/sipongi-dev/vendor/laravel/framework/src/Illuminate/Container/Container.php(590): Illuminate\\Container\\BoundMethod::call()
#37 /var/www/html/sipongi-dev/vendor/laravel/framework/src/Illuminate/Console/Command.php(134): Illuminate\\Container\\Container->call()
#38 /var/www/html/sipongi-dev/vendor/symfony/console/Command/Command.php(255): Illuminate\\Console\\Command->execute()
#39 /var/www/html/sipongi-dev/vendor/laravel/framework/src/Illuminate/Console/Command.php(121): Symfony\\Component\\Console\\Command\\Command->run()
#40 /var/www/html/sipongi-dev/vendor/symfony/console/Application.php(1009): Illuminate\\Console\\Command->run()
#41 /var/www/html/sipongi-dev/vendor/symfony/console/Application.php(273): Symfony\\Component\\Console\\Application->doRunCommand()
#42 /var/www/html/sipongi-dev/vendor/symfony/console/Application.php(149): Symfony\\Component\\Console\\Application->doRun()
#43 /var/www/html/sipongi-dev/vendor/laravel/framework/src/Illuminate/Console/Application.php(93): Symfony\\Component\\Console\\Application->run()
#44 /var/www/html/sipongi-dev/vendor/laravel/framework/src/Illuminate/Foundation/Console/Kernel.php(131): Illuminate\\Console\\Application->run()
#45 /var/www/html/sipongi-dev/artisan(37): Illuminate\\Foundation\\Console\\Kernel->handle()
#46 {main}

[previous exception] [object] (GuzzleHttp\\Exception\\ConnectException(code: 0): Connection refused for URI https://firms.modaps.eosdis.nasa.gov/active_fire/c6/text/MODIS_C6_SouthEast_Asia_24h.csv at /var/www/html/sipongi-dev/vendor/guzzlehttp/guzzle/src/Handler/StreamHandler.php:336)
[stacktrace]
#0 /var/www/html/sipongi-dev/vendor/guzzlehttp/guzzle/src/Handler/StreamHandler.php(252): GuzzleHttp\\Handler\\StreamHandler->GuzzleHttp\\Handler\\{closure}()
#1 /var/www/html/sipongi-dev/vendor/guzzlehttp/guzzle/src/Handler/StreamHandler.php(352): GuzzleHttp\\Handler\\StreamHandler->createResource()
#2 /var/www/html/sipongi-dev/vendor/guzzlehttp/guzzle/src/Handler/StreamHandler.php(57): GuzzleHttp\\Handler\\StreamHandler->createStream()
#3 /var/www/html/sipongi-dev/vendor/guzzlehttp/guzzle/src/PrepareBodyMiddleware.php(35): GuzzleHttp\\Handler\\StreamHandler->__invoke()
#4 /var/www/html/sipongi-dev/vendor/guzzlehttp/guzzle/src/Middleware.php(30): GuzzleHttp\\PrepareBodyMiddleware->__invoke()
#5 /var/www/html/sipongi-dev/vendor/guzzlehttp/guzzle/src/RedirectMiddleware.php(71): GuzzleHttp\\Middleware::GuzzleHttp\\{closure}()
#6 /var/www/html/sipongi-dev/vendor/guzzlehttp/guzzle/src/Middleware.php(60): GuzzleHttp\\RedirectMiddleware->__invoke()
#7 /var/www/html/sipongi-dev/vendor/guzzlehttp/guzzle/src/HandlerStack.php(75): GuzzleHttp\\Middleware::GuzzleHttp\\{closure}()
#8 /var/www/html/sipongi-dev/vendor/guzzlehttp/guzzle/src/Client.php(330): GuzzleHttp\\HandlerStack->__invoke()
#9 /var/www/html/sipongi-dev/vendor/guzzlehttp/guzzle/src/Client.php(167): GuzzleHttp\\Client->transfer()
#10 /var/www/html/sipongi-dev/vendor/guzzlehttp/guzzle/src/Client.php(186): GuzzleHttp\\Client->requestAsync()
#11 /var/www/html/sipongi-dev/app/Jobs/ReadHotspot/HotspotModis.php(63): GuzzleHttp\\Client->request()
#12 [internal function]: App\\Jobs\\ReadHotspot\\HotspotModis->handle()
#13 /var/www/html/sipongi-dev/vendor/laravel/framework/src/Illuminate/Container/BoundMethod.php(32): call_user_func_array()
#14 /var/www/html/sipongi-dev/vendor/laravel/framework/src/Illuminate/Container/Util.php(37): Illuminate\\Container\\BoundMethod::Illuminate\\Container\\{closure}()
#15 /var/www/html/sipongi-dev/vendor/laravel/framework/src/Illuminate/Container/BoundMethod.php(90): Illuminate\\Container\\Util::unwrapIfClosure()
#16 /var/www/html/sipongi-dev/vendor/laravel/framework/src/Illuminate/Container/BoundMethod.php(34): Illuminate\\Container\\BoundMethod::callBoundMethod()
#17 /var/www/html/sipongi-dev/vendor/laravel/framework/src/Illuminate/Container/Container.php(590): Illuminate\\Container\\BoundMethod::call()
#18 /var/www/html/sipongi-dev/vendor/laravel/framework/src/Illuminate/Bus/Dispatcher.php(94): Illuminate\\Container\\Container->call()
#19 /var/www/html/sipongi-dev/vendor/laravel/framework/src/Illuminate/Pipeline/Pipeline.php(130): Illuminate\\Bus\\Dispatcher->Illuminate\\Bus\\{closure}()
#20 /var/www/html/sipongi-dev/vendor/laravel/framework/src/Illuminate/Pipeline/Pipeline.php(105): Illuminate\\Pipeline\\Pipeline->Illuminate\\Pipeline\\{closure}()
#21 /var/www/html/sipongi-dev/vendor/laravel/framework/src/Illuminate/Bus/Dispatcher.php(98): Illuminate\\Pipeline\\Pipeline->then()
#22 /var/www/html/sipongi-dev/vendor/laravel/framework/src/Illuminate/Queue/CallQueuedHandler.php(83): Illuminate\\Bus\\Dispatcher->dispatchNow()
#23 /var/www/html/sipongi-dev/vendor/laravel/framework/src/Illuminate/Pipeline/Pipeline.php(130): Illuminate\\Queue\\CallQueuedHandler->Illuminate\\Queue\\{closure}()
#24 /var/www/html/sipongi-dev/vendor/laravel/framework/src/Illuminate/Pipeline/Pipeline.php(105): Illuminate\\Pipeline\\Pipeline->Illuminate\\Pipeline\\{closure}()
#25 /var/www/html/sipongi-dev/vendor/laravel/framework/src/Illuminate/Queue/CallQueuedHandler.php(85): Illuminate\\Pipeline\\Pipeline->then()
#26 /var/www/html/sipongi-dev/vendor/laravel/framework/src/Illuminate/Queue/CallQueuedHandler.php(59): Illuminate\\Queue\\CallQueuedHandler->dispatchThroughMiddleware()
#27 /var/www/html/sipongi-dev/vendor/laravel/framework/src/Illuminate/Queue/Jobs/Job.php(88): Illuminate\\Queue\\CallQueuedHandler->call()
#28 /var/www/html/sipongi-dev/vendor/laravel/framework/src/Illuminate/Queue/Worker.php(368): Illuminate\\Queue\\Jobs\\Job->fire()
#29 /var/www/html/sipongi-dev/vendor/laravel/framework/src/Illuminate/Queue/Worker.php(314): Illuminate\\Queue\\Worker->process()
#30 /var/www/html/sipongi-dev/vendor/laravel/framework/src/Illuminate/Queue/Worker.php(134): Illuminate\\Queue\\Worker->runJob()
#31 /var/www/html/sipongi-dev/vendor/laravel/framework/src/Illuminate/Queue/Console/WorkCommand.php(112): Illuminate\\Queue\\Worker->daemon()
#32 /var/www/html/sipongi-dev/vendor/laravel/framework/src/Illuminate/Queue/Console/WorkCommand.php(96): Illuminate\\Queue\\Console\\WorkCommand->runWorker()
#33 /var/www/html/sipongi-dev/vendor/laravel/horizon/src/Console/WorkCommand.php(46): Illuminate\\Queue\\Console\\WorkCommand->handle()
#34 [internal function]: Laravel\\Horizon\\Console\\WorkCommand->handle()
#35 /var/www/html/sipongi-dev/vendor/laravel/framework/src/Illuminate/Container/BoundMethod.php(32): call_user_func_array()
#36 /var/www/html/sipongi-dev/vendor/laravel/framework/src/Illuminate/Container/Util.php(37): Illuminate\\Container\\BoundMethod::Illuminate\\Container\\{closure}()
#37 /var/www/html/sipongi-dev/vendor/laravel/framework/src/Illuminate/Container/BoundMethod.php(90): Illuminate\\Container\\Util::unwrapIfClosure()
#38 /var/www/html/sipongi-dev/vendor/laravel/framework/src/Illuminate/Container/BoundMethod.php(34): Illuminate\\Container\\BoundMethod::callBoundMethod()
#39 /var/www/html/sipongi-dev/vendor/laravel/framework/src/Illuminate/Container/Container.php(590): Illuminate\\Container\\BoundMethod::call()
#40 /var/www/html/sipongi-dev/vendor/laravel/framework/src/Illuminate/Console/Command.php(134): Illuminate\\Container\\Container->call()
#41 /var/www/html/sipongi-dev/vendor/symfony/console/Command/Command.php(255): Illuminate\\Console\\Command->execute()
#42 /var/www/html/sipongi-dev/vendor/laravel/framework/src/Illuminate/Console/Command.php(121): Symfony\\Component\\Console\\Command\\Command->run()
#43 /var/www/html/sipongi-dev/vendor/symfony/console/Application.php(1009): Illuminate\\Console\\Command->run()
#44 /var/www/html/sipongi-dev/vendor/symfony/console/Application.php(273): Symfony\\Component\\Console\\Application->doRunCommand()
#45 /var/www/html/sipongi-dev/vendor/symfony/console/Application.php(149): Symfony\\Component\\Console\\Application->doRun()
#46 /var/www/html/sipongi-dev/vendor/laravel/framework/src/Illuminate/Console/Application.php(93): Symfony\\Component\\Console\\Application->run()
#47 /var/www/html/sipongi-dev/vendor/laravel/framework/src/Illuminate/Foundation/Console/Kernel.php(131): Illuminate\\Console\\Application->run()
#48 /var/www/html/sipongi-dev/artisan(37): Illuminate\\Foundation\\Console\\Kernel->handle()
#49 {main}
"} 
